<?xml version="1.0" encoding="UTF-8" ?>
<testsuite errors="0" failures="0" name="com.touchclarity.datalogger.controller.Server2Test" tests="10" time="82.141">
  <properties>
[...]
</properties>
  <testcase classname="com.touchclarity.datalogger.controller.Server2Test" name="testInvalidHttpMethod" time="14.326"></testcase>
  <testcase classname="com.touchclarity.datalogger.controller.Server2Test" name="testRequestTooLarge" time="5.155"></testcase>
  <testcase classname="com.touchclarity.datalogger.controller.Server2Test" name="testBadRequest" time="5.265"></testcase>
  <testcase classname="com.touchclarity.datalogger.controller.Server2Test" name="testValidHost" time="7.858"></testcase>
  <testcase classname="com.touchclarity.datalogger.controller.Server2Test" name="testValidHostWithDifferentCase" time="6.327"></testcase>
  <testcase classname="com.touchclarity.datalogger.controller.Server2Test" name="testInvalidHost" time="6.217"></testcase>
  <testcase classname="com.touchclarity.datalogger.controller.Server2Test" name="testNoHost" time="6.358"></testcase>
  <testcase classname="com.touchclarity.datalogger.controller.Server2Test" name="testServersideSocketShutdown" time="4.281"></testcase>
  <testcase classname="com.touchclarity.datalogger.controller.Server2Test" name="testNon200ExceptionsDontCloseSocket" time="16.294"></testcase>
  <testcase classname="com.touchclarity.datalogger.controller.Server2Test" name="testKeepAliveConnectionsTimeout" time="9.732"></testcase>
  <system-out><![CDATA[Average connection time: 630
Shutting down data logger...
Shutdown complete
Configuration change event notifier
-------------------------------------------
java.lang.Object.wait() line:-2
java.lang.Object.wait() line:485
EDU.oswego.cs.dl.util.concurrent.LinkedQueue.take() line:122
com.touchclarity.cms.common.EventsManager$Notifier.run() line:221

multicast discovery announcement listener
-------------------------------------------
java.net.PlainDatagramSocketImpl.receive0() line:-2
java.net.PlainDatagramSocketImpl.receive() line:136
java.net.DatagramSocket.receive() line:712
net.jini.discovery.LookupDiscovery$AnnouncementListener.run() line:310

Finalizer
-------------------------------------------
java.lang.Object.wait() line:-2
java.lang.ref.ReferenceQueue.remove() line:116
java.lang.ref.ReferenceQueue.remove() line:132
java.lang.ref.Finalizer$FinalizerThread.run() line:159

Configuration change event notifier
-------------------------------------------
java.lang.Object.wait() line:-2
java.lang.Object.wait() line:485
EDU.oswego.cs.dl.util.concurrent.LinkedQueue.take() line:122
com.touchclarity.cms.common.EventsManager$Notifier.run() line:221

multicast discovery announcement listener
-------------------------------------------
java.net.PlainDatagramSocketImpl.receive0() line:-2
java.net.PlainDatagramSocketImpl.receive() line:136
java.net.DatagramSocket.receive() line:712
net.jini.discovery.LookupDiscovery$AnnouncementListener.run() line:310

Configuration change event notifier
-------------------------------------------
java.lang.Object.wait() line:-2
java.lang.Object.wait() line:485
EDU.oswego.cs.dl.util.concurrent.LinkedQueue.take() line:122
com.touchclarity.cms.common.EventsManager$Notifier.run() line:221

multicast announcement timer
-------------------------------------------
java.lang.Object.wait() line:-2
net.jini.discovery.LookupDiscovery$AnnouncementTimerThread.run() line:572

Thread-15
-------------------------------------------
java.lang.Object.wait() line:-2
com.sun.jini.thread.WakeupManager$Kicker.run() line:357
java.lang.Thread.run() line:619

Thread-10
-------------------------------------------
java.lang.Object.wait() line:-2
com.sun.jini.thread.WakeupManager$Kicker.run() line:357
java.lang.Thread.run() line:619

multicast discovery response listener
-------------------------------------------
java.net.PlainSocketImpl.socketAccept() line:-2
java.net.PlainSocketImpl.accept() line:384
java.net.ServerSocket.implAccept() line:453
java.net.ServerSocket.accept() line:421
net.jini.discovery.LookupDiscovery$ResponseListener.run() line:419

Thread-19
-------------------------------------------
java.lang.Object.wait() line:-2
com.sun.jini.thread.WakeupManager$Kicker.run() line:357
java.lang.Thread.run() line:619

multicast announcement timer
-------------------------------------------
java.lang.Object.wait() line:-2
net.jini.discovery.LookupDiscovery$AnnouncementTimerThread.run() line:572

Configuration change event notifier
-------------------------------------------
java.lang.Object.wait() line:-2
java.lang.Object.wait() line:485
EDU.oswego.cs.dl.util.concurrent.LinkedQueue.take() line:122
com.touchclarity.cms.common.EventsManager$Notifier.run() line:221

CampaignOptionCache Update Thread (5 mins)
-------------------------------------------
java.lang.Thread.sleep() line:-2
com.touchclarity.util.thread.Cyclist.run() line:31

Configuration change event notifier
-------------------------------------------
java.lang.Object.wait() line:-2
java.lang.Object.wait() line:485
EDU.oswego.cs.dl.util.concurrent.LinkedQueue.take() line:122
com.touchclarity.cms.common.EventsManager$Notifier.run() line:221

Configuration change event notifier
-------------------------------------------
java.lang.Object.wait() line:-2
java.lang.Object.wait() line:485
EDU.oswego.cs.dl.util.concurrent.LinkedQueue.take() line:122
com.touchclarity.cms.common.EventsManager$Notifier.run() line:221

multicast discovery response listener
-------------------------------------------
java.net.PlainSocketImpl.socketAccept() line:-2
java.net.PlainSocketImpl.accept() line:384
java.net.ServerSocket.implAccept() line:453
java.net.ServerSocket.accept() line:421
net.jini.discovery.LookupDiscovery$ResponseListener.run() line:419

RMI TCP Accept-0
-------------------------------------------
java.net.PlainSocketImpl.socketAccept() line:-2
java.net.PlainSocketImpl.accept() line:384
java.net.ServerSocket.implAccept() line:453
java.net.ServerSocket.accept() line:421
sun.rmi.transport.tcp.TCPTransport$AcceptLoop.executeAcceptLoop() line:369
sun.rmi.transport.tcp.TCPTransport$AcceptLoop.run() line:341
java.lang.Thread.run() line:619

MulticastingChannel.Forwarder
-------------------------------------------
sun.misc.Unsafe.park() line:-2
java.util.concurrent.locks.LockSupport.parkNanos() line:198
java.util.concurrent.locks.AbstractQueuedSynchronizer$ConditionObject.awaitNanos() line:1963
java.util.concurrent.LinkedBlockingQueue.poll() line:395
com.touchclarity.channel.MulticastingChannel$Forwarder.run() line:156

Configuration change event notifier
-------------------------------------------
java.lang.Object.wait() line:-2
java.lang.Object.wait() line:485
EDU.oswego.cs.dl.util.concurrent.LinkedQueue.take() line:122
com.touchclarity.cms.common.EventsManager$Notifier.run() line:221

GC Daemon
-------------------------------------------
java.lang.Object.wait() line:-2
sun.misc.GC$Daemon.run() line:100

main
-------------------------------------------
java.lang.Thread.dumpThreads() line:-2
java.lang.Thread.getAllStackTraces() line:1477
com.touchclarity.datalogger.controller.Server2Test.printFinishedThreads() line:64
com.touchclarity.datalogger.controller.Server2Test.tearDown() line:60
junit.framework.TestCase.runBare() line:130
junit.framework.TestResult$1.protect() line:106
junit.framework.TestResult.runProtected() line:124
junit.framework.TestResult.run() line:109
junit.framework.TestCase.run() line:118
junit.framework.TestSuite.runTest() line:208
junit.framework.TestSuite.run() line:203
org.apache.tools.ant.taskdefs.optional.junit.JUnitTestRunner.run() line:297
org.apache.tools.ant.taskdefs.optional.junit.JUnitTestRunner.launch() line:672
org.apache.tools.ant.taskdefs.optional.junit.JUnitTestRunner.main() line:567

multicast discovery response listener
-------------------------------------------
java.net.PlainSocketImpl.socketAccept() line:-2
java.net.PlainSocketImpl.accept() line:384
java.net.ServerSocket.implAccept() line:453
java.net.ServerSocket.accept() line:421
net.jini.discovery.LookupDiscovery$ResponseListener.run() line:419

CampaignOptionCache Update Thread (5 mins)
-------------------------------------------
java.lang.Thread.sleep() line:-2
com.touchclarity.util.thread.Cyclist.run() line:31

Configuration change event notifier
-------------------------------------------
java.lang.Object.wait() line:-2
java.lang.Object.wait() line:485
EDU.oswego.cs.dl.util.concurrent.LinkedQueue.take() line:122
com.touchclarity.cms.common.EventsManager$Notifier.run() line:221

RMI Reaper
-------------------------------------------
java.lang.Object.wait() line:-2
java.lang.ref.ReferenceQueue.remove() line:116
java.lang.ref.ReferenceQueue.remove() line:132
sun.rmi.transport.ObjectTable$Reaper.run() line:333
java.lang.Thread.run() line:619

multicast discovery announcement listener
-------------------------------------------
java.net.PlainDatagramSocketImpl.receive0() line:-2
java.net.PlainDatagramSocketImpl.receive() line:136
java.net.DatagramSocket.receive() line:712
net.jini.discovery.LookupDiscovery$AnnouncementListener.run() line:310

multicast discovery request
-------------------------------------------
java.lang.Thread.sleep() line:-2
net.jini.discovery.LookupDiscovery$Requestor.run() line:520

multicast announcement timer
-------------------------------------------
java.lang.Object.wait() line:-2
net.jini.discovery.LookupDiscovery$AnnouncementTimerThread.run() line:572

Dispatcher-Thread-23
-------------------------------------------
java.lang.Object.wait() line:-2
java.lang.Object.wait() line:485
org.apache.log4j.Dispatcher.run() line:293

Configuration change event notifier
-------------------------------------------
java.lang.Object.wait() line:-2
java.lang.Object.wait() line:485
EDU.oswego.cs.dl.util.concurrent.LinkedQueue.take() line:122
com.touchclarity.cms.common.EventsManager$Notifier.run() line:221

multicast discovery request
-------------------------------------------
java.lang.Thread.sleep() line:-2
net.jini.discovery.LookupDiscovery$Requestor.run() line:520

Attach Listener
-------------------------------------------

CampaignOptionCache Update Thread (300 mins)
-------------------------------------------
java.lang.Thread.sleep() line:-2
com.touchclarity.util.thread.Cyclist.run() line:31

Configuration change event notifier
-------------------------------------------
java.lang.Object.wait() line:-2
java.lang.Object.wait() line:485
EDU.oswego.cs.dl.util.concurrent.LinkedQueue.take() line:122
com.touchclarity.cms.common.EventsManager$Notifier.run() line:221

Thread-16
-------------------------------------------
java.lang.Object.wait() line:-2
com.sun.jini.thread.WakeupManager$Kicker.run() line:357
java.lang.Thread.run() line:619

multicast discovery request
-------------------------------------------
java.lang.Thread.sleep() line:-2
net.jini.discovery.LookupDiscovery$Requestor.run() line:520

MulticastChannelBus.Forwarder-1
-------------------------------------------
sun.misc.Unsafe.park() line:-2
java.util.concurrent.locks.LockSupport.park() line:158
java.util.concurrent.locks.AbstractQueuedSynchronizer$ConditionObject.await() line:1925
java.util.concurrent.LinkedBlockingQueue.take() line:358
com.touchclarity.configuration.cache.MulticastingChannelBus$Forwarder.run() line:331

Reference Handler
-------------------------------------------
java.lang.Object.wait() line:-2
java.lang.Object.wait() line:485
java.lang.ref.Reference$ReferenceHandler.run() line:116

Signal Dispatcher
-------------------------------------------

--- Response --------------------------------------------------------------------------

HTTP/1.1 413 Request Entity Too Large
Cache-control: no-cache, private
Pragma: no-cache
Expires: Thu, 01 Jan 1970 00:00:00 GMT
Content-Length: 97
Last-Modified: Thu, 01 Nov 2007 10:27:03 GMT
Date: Thu, 01 Nov 2007 10:27:03 GMT
Content-Type: text/html; charset=ISO-8859-1

<html><head><title>Request Too Large</title></head><body><h1>Request Too Large</h1></body></html>
--- Response end --------------------------------------------------------------------------

Average connection time: 0
Shutting down data logger...
Shutdown complete
multicast discovery announcement listener
-------------------------------------------
java.net.PlainDatagramSocketImpl.receive0() line:-2
java.net.PlainDatagramSocketImpl.receive() line:136
java.net.DatagramSocket.receive() line:712
net.jini.discovery.LookupDiscovery$AnnouncementListener.run() line:310

Finalizer
-------------------------------------------
java.lang.Object.wait() line:-2
java.lang.ref.ReferenceQueue.remove() line:116
java.lang.ref.ReferenceQueue.remove() line:132
java.lang.ref.Finalizer$FinalizerThread.run() line:159

multicast announcement timer
-------------------------------------------
java.lang.Object.wait() line:-2
net.jini.discovery.LookupDiscovery$AnnouncementTimerThread.run() line:572

Thread-10
-------------------------------------------
java.lang.Object.wait() line:-2
com.sun.jini.thread.WakeupManager$Kicker.run() line:357
java.lang.Thread.run() line:619

multicast discovery response listener
-------------------------------------------
java.net.PlainSocketImpl.socketAccept() line:-2
java.net.PlainSocketImpl.accept() line:384
java.net.ServerSocket.implAccept() line:453
java.net.ServerSocket.accept() line:421
net.jini.discovery.LookupDiscovery$ResponseListener.run() line:419

multicast discovery response listener
-------------------------------------------
java.net.PlainSocketImpl.socketAccept() line:-2
java.net.PlainSocketImpl.accept() line:384
java.net.ServerSocket.implAccept() line:453
java.net.ServerSocket.accept() line:421
net.jini.discovery.LookupDiscovery$ResponseListener.run() line:419

CampaignOptionCache Update Thread (5 mins)
-------------------------------------------
java.lang.Thread.sleep() line:-2
com.touchclarity.util.thread.Cyclist.run() line:31

Configuration change event notifier
-------------------------------------------
java.lang.Object.wait() line:-2
java.lang.Object.wait() line:485
EDU.oswego.cs.dl.util.concurrent.LinkedQueue.take() line:122
com.touchclarity.cms.common.EventsManager$Notifier.run() line:221

RMI TCP Accept-0
-------------------------------------------
java.net.PlainSocketImpl.socketAccept() line:-2
java.net.PlainSocketImpl.accept() line:384
java.net.ServerSocket.implAccept() line:453
java.net.ServerSocket.accept() line:421
sun.rmi.transport.tcp.TCPTransport$AcceptLoop.executeAcceptLoop() line:369
sun.rmi.transport.tcp.TCPTransport$AcceptLoop.run() line:341
java.lang.Thread.run() line:619

multicast discovery response listener
-------------------------------------------
java.net.PlainSocketImpl.socketAccept() line:-2
java.net.PlainSocketImpl.accept() line:384
java.net.ServerSocket.implAccept() line:453
java.net.ServerSocket.accept() line:421
net.jini.discovery.LookupDiscovery$ResponseListener.run() line:419

MulticastingChannel.Forwarder
-------------------------------------------
sun.misc.Unsafe.park() line:-2
java.util.concurrent.locks.LockSupport.parkNanos() line:198
java.util.concurrent.locks.AbstractQueuedSynchronizer$ConditionObject.awaitNanos() line:1963
java.util.concurrent.LinkedBlockingQueue.poll() line:395
com.touchclarity.channel.MulticastingChannel$Forwarder.run() line:156

GC Daemon
-------------------------------------------
java.lang.Object.wait() line:-2
sun.misc.GC$Daemon.run() line:100

Dispatcher-Thread-31
-------------------------------------------
java.lang.Object.wait() line:-2
java.lang.Object.wait() line:485
org.apache.log4j.Dispatcher.run() line:293

multicast announcement timer
-------------------------------------------
java.lang.Object.wait() line:-2
net.jini.discovery.LookupDiscovery$AnnouncementTimerThread.run() line:572

multicast discovery response listener
-------------------------------------------
java.net.PlainSocketImpl.socketAccept() line:-2
java.net.PlainSocketImpl.accept() line:384
java.net.ServerSocket.implAccept() line:453
java.net.ServerSocket.accept() line:421
net.jini.discovery.LookupDiscovery$ResponseListener.run() line:419

Configuration change event notifier
-------------------------------------------
java.lang.Object.wait() line:-2
java.lang.Object.wait() line:485
EDU.oswego.cs.dl.util.concurrent.LinkedQueue.take() line:122
com.touchclarity.cms.common.EventsManager$Notifier.run() line:221

CampaignOptionCache Update Thread (5 mins)
-------------------------------------------
java.lang.Thread.sleep() line:-2
com.touchclarity.util.thread.Cyclist.run() line:31

RMI Reaper
-------------------------------------------
java.lang.Object.wait() line:-2
java.lang.ref.ReferenceQueue.remove() line:116
java.lang.ref.ReferenceQueue.remove() line:132
sun.rmi.transport.ObjectTable$Reaper.run() line:333
java.lang.Thread.run() line:619

multicast discovery announcement listener
-------------------------------------------
java.net.PlainDatagramSocketImpl.receive0() line:-2
java.net.PlainDatagramSocketImpl.receive() line:136
java.net.DatagramSocket.receive() line:712
net.jini.discovery.LookupDiscovery$AnnouncementListener.run() line:310

multicast announcement timer
-------------------------------------------
java.lang.Object.wait() line:-2
net.jini.discovery.LookupDiscovery$AnnouncementTimerThread.run() line:572

Configuration change event notifier
-------------------------------------------
java.lang.Object.wait() line:-2
java.lang.Object.wait() line:485
EDU.oswego.cs.dl.util.concurrent.LinkedQueue.take() line:122
com.touchclarity.cms.common.EventsManager$Notifier.run() line:221

multicast discovery request
-------------------------------------------
java.lang.Thread.sleep() line:-2
net.jini.discovery.LookupDiscovery$Requestor.run() line:520

CampaignOptionCache Update Thread (300 mins)
-------------------------------------------
java.lang.Thread.sleep() line:-2
com.touchclarity.util.thread.Cyclist.run() line:31

Attach Listener
-------------------------------------------

Thread-16
-------------------------------------------
java.lang.Object.wait() line:-2
com.sun.jini.thread.WakeupManager$Kicker.run() line:357
java.lang.Thread.run() line:619

MulticastChannelBus.Forwarder-1
-------------------------------------------
sun.misc.Unsafe.park() line:-2
java.util.concurrent.locks.LockSupport.park() line:158
java.util.concurrent.locks.AbstractQueuedSynchronizer$ConditionObject.await() line:1925
java.util.concurrent.LinkedBlockingQueue.take() line:358
com.touchclarity.configuration.cache.MulticastingChannelBus$Forwarder.run() line:331

Reference Handler
-------------------------------------------
java.lang.Object.wait() line:-2
java.lang.Object.wait() line:485
java.lang.ref.Reference$ReferenceHandler.run() line:116

Configuration change event notifier
-------------------------------------------
java.lang.Object.wait() line:-2
java.lang.Object.wait() line:485
EDU.oswego.cs.dl.util.concurrent.LinkedQueue.take() line:122
com.touchclarity.cms.common.EventsManager$Notifier.run() line:221

multicast discovery request
-------------------------------------------
java.lang.Thread.sleep() line:-2
net.jini.discovery.LookupDiscovery$Requestor.run() line:520

multicast discovery announcement listener
-------------------------------------------
java.net.PlainDatagramSocketImpl.receive0() line:-2
java.net.PlainDatagramSocketImpl.receive() line:136
java.net.DatagramSocket.receive() line:712
net.jini.discovery.LookupDiscovery$AnnouncementListener.run() line:310

Configuration change event notifier
-------------------------------------------
java.lang.Object.wait() line:-2
java.lang.Object.wait() line:485
EDU.oswego.cs.dl.util.concurrent.LinkedQueue.take() line:122
com.touchclarity.cms.common.EventsManager$Notifier.run() line:221

Configuration change event notifier
-------------------------------------------
java.lang.Object.wait() line:-2
java.lang.Object.wait() line:485
EDU.oswego.cs.dl.util.concurrent.LinkedQueue.take() line:122
com.touchclarity.cms.common.EventsManager$Notifier.run() line:221

Thread-15
-------------------------------------------
java.lang.Object.wait() line:-2
com.sun.jini.thread.WakeupManager$Kicker.run() line:357
java.lang.Thread.run() line:619

Thread-24
-------------------------------------------
java.lang.Object.wait() line:-2
com.sun.jini.thread.WakeupManager$Kicker.run() line:357
java.lang.Thread.run() line:619

Thread-19
-------------------------------------------
java.lang.Object.wait() line:-2
com.sun.jini.thread.WakeupManager$Kicker.run() line:357
java.lang.Thread.run() line:619

multicast announcement timer
-------------------------------------------
java.lang.Object.wait() line:-2
net.jini.discovery.LookupDiscovery$AnnouncementTimerThread.run() line:572

Configuration change event notifier
-------------------------------------------
java.lang.Object.wait() line:-2
java.lang.Object.wait() line:485
EDU.oswego.cs.dl.util.concurrent.LinkedQueue.take() line:122
com.touchclarity.cms.common.EventsManager$Notifier.run() line:221

Configuration change event notifier
-------------------------------------------
java.lang.Object.wait() line:-2
java.lang.Object.wait() line:485
EDU.oswego.cs.dl.util.concurrent.LinkedQueue.take() line:122
com.touchclarity.cms.common.EventsManager$Notifier.run() line:221

Configuration change event notifier
-------------------------------------------
java.lang.Object.wait() line:-2
java.lang.Object.wait() line:485
EDU.oswego.cs.dl.util.concurrent.LinkedQueue.take() line:122
com.touchclarity.cms.common.EventsManager$Notifier.run() line:221

CampaignOptionCache Update Thread (5 mins)
-------------------------------------------
java.lang.Thread.sleep() line:-2
com.touchclarity.util.thread.Cyclist.run() line:31

CampaignOptionCache Update Thread (300 mins)
-------------------------------------------
java.lang.Thread.sleep() line:-2
com.touchclarity.util.thread.Cyclist.run() line:31

main
-------------------------------------------
java.lang.Thread.dumpThreads() line:-2
java.lang.Thread.getAllStackTraces() line:1477
com.touchclarity.datalogger.controller.Server2Test.printFinishedThreads() line:64
com.touchclarity.datalogger.controller.Server2Test.tearDown() line:60
junit.framework.TestCase.runBare() line:130
junit.framework.TestResult$1.protect() line:106
junit.framework.TestResult.runProtected() line:124
junit.framework.TestResult.run() line:109
junit.framework.TestCase.run() line:118
junit.framework.TestSuite.runTest() line:208
junit.framework.TestSuite.run() line:203
org.apache.tools.ant.taskdefs.optional.junit.JUnitTestRunner.run() line:297
org.apache.tools.ant.taskdefs.optional.junit.JUnitTestRunner.launch() line:672
org.apache.tools.ant.taskdefs.optional.junit.JUnitTestRunner.main() line:567

multicast discovery announcement listener
-------------------------------------------
java.net.PlainDatagramSocketImpl.receive0() line:-2
java.net.PlainDatagramSocketImpl.receive() line:136
java.net.DatagramSocket.receive() line:712
net.jini.discovery.LookupDiscovery$AnnouncementListener.run() line:310

CampaignOptionCache Update Thread (5 mins)
-------------------------------------------
java.lang.Thread.sleep() line:-2
com.touchclarity.util.thread.Cyclist.run() line:31

multicast discovery request
-------------------------------------------
java.lang.Thread.sleep() line:-2
net.jini.discovery.LookupDiscovery$Requestor.run() line:520

Dispatcher-Thread-23
-------------------------------------------
java.lang.Object.wait() line:-2
java.lang.Object.wait() line:485
org.apache.log4j.Dispatcher.run() line:293

Configuration change event notifier
-------------------------------------------
java.lang.Object.wait() line:-2
java.lang.Object.wait() line:485
EDU.oswego.cs.dl.util.concurrent.LinkedQueue.take() line:122
com.touchclarity.cms.common.EventsManager$Notifier.run() line:221

multicast discovery request
-------------------------------------------
java.lang.Thread.sleep() line:-2
net.jini.discovery.LookupDiscovery$Requestor.run() line:520

Signal Dispatcher
-------------------------------------------

--- Response --------------------------------------------------------------------------

HTTP/1.1 400 Bad Request
Cache-control: no-cache, private
Pragma: no-cache
Expires: Thu, 01 Jan 1970 00:00:00 GMT
Content-Length: 85
Last-Modified: Thu, 01 Nov 2007 10:27:03 GMT
Date: Thu, 01 Nov 2007 10:27:03 GMT
Content-Type: text/html; charset=ISO-8859-1

<html><head><title>Bad Request</title></head><body><h1>Bad Request</h1></body></html>
--- Response end --------------------------------------------------------------------------

Average connection time: 0
Shutting down data logger...
Shutdown complete
Dispatcher-Thread-39
-------------------------------------------
java.lang.Object.wait() line:-2
java.lang.Object.wait() line:485
org.apache.log4j.Dispatcher.run() line:293

multicast discovery announcement listener
-------------------------------------------
java.net.PlainDatagramSocketImpl.receive0() line:-2
java.net.PlainDatagramSocketImpl.receive() line:136
java.net.DatagramSocket.receive() line:712
net.jini.discovery.LookupDiscovery$AnnouncementListener.run() line:310

CampaignOptionCache Update Thread (5 mins)
-------------------------------------------
java.lang.Thread.sleep() line:-2
com.touchclarity.util.thread.Cyclist.run() line:31

Finalizer
-------------------------------------------
java.lang.Object.wait() line:-2
java.lang.ref.ReferenceQueue.remove() line:116
java.lang.ref.ReferenceQueue.remove() line:132
java.lang.ref.Finalizer$FinalizerThread.run() line:159

multicast announcement timer
-------------------------------------------
java.lang.Object.wait() line:-2
net.jini.discovery.LookupDiscovery$AnnouncementTimerThread.run() line:572

Thread-10
-------------------------------------------
java.lang.Object.wait() line:-2
com.sun.jini.thread.WakeupManager$Kicker.run() line:357
java.lang.Thread.run() line:619

multicast discovery response listener
-------------------------------------------
java.net.PlainSocketImpl.socketAccept() line:-2
java.net.PlainSocketImpl.accept() line:384
java.net.ServerSocket.implAccept() line:453
java.net.ServerSocket.accept() line:421
net.jini.discovery.LookupDiscovery$ResponseListener.run() line:419

multicast discovery response listener
-------------------------------------------
java.net.PlainSocketImpl.socketAccept() line:-2
java.net.PlainSocketImpl.accept() line:384
java.net.ServerSocket.implAccept() line:453
java.net.ServerSocket.accept() line:421
net.jini.discovery.LookupDiscovery$ResponseListener.run() line:419

multicast announcement timer
-------------------------------------------
java.lang.Object.wait() line:-2
net.jini.discovery.LookupDiscovery$AnnouncementTimerThread.run() line:572

CampaignOptionCache Update Thread (5 mins)
-------------------------------------------
java.lang.Thread.sleep() line:-2
com.touchclarity.util.thread.Cyclist.run() line:31

Configuration change event notifier
-------------------------------------------
java.lang.Object.wait() line:-2
java.lang.Object.wait() line:485
EDU.oswego.cs.dl.util.concurrent.LinkedQueue.take() line:122
com.touchclarity.cms.common.EventsManager$Notifier.run() line:221

RMI TCP Accept-0
-------------------------------------------
java.net.PlainSocketImpl.socketAccept() line:-2
java.net.PlainSocketImpl.accept() line:384
java.net.ServerSocket.implAccept() line:453
java.net.ServerSocket.accept() line:421
sun.rmi.transport.tcp.TCPTransport$AcceptLoop.executeAcceptLoop() line:369
sun.rmi.transport.tcp.TCPTransport$AcceptLoop.run() line:341
java.lang.Thread.run() line:619

multicast discovery response listener
-------------------------------------------
java.net.PlainSocketImpl.socketAccept() line:-2
java.net.PlainSocketImpl.accept() line:384
java.net.ServerSocket.implAccept() line:453
java.net.ServerSocket.accept() line:421
net.jini.discovery.LookupDiscovery$ResponseListener.run() line:419

multicast discovery request
-------------------------------------------
java.lang.Thread.sleep() line:-2
net.jini.discovery.LookupDiscovery$Requestor.run() line:520

MulticastingChannel.Forwarder
-------------------------------------------
sun.misc.Unsafe.park() line:-2
java.util.concurrent.locks.LockSupport.parkNanos() line:198
java.util.concurrent.locks.AbstractQueuedSynchronizer$ConditionObject.awaitNanos() line:1963
java.util.concurrent.LinkedBlockingQueue.poll() line:395
com.touchclarity.channel.MulticastingChannel$Forwarder.run() line:156

GC Daemon
-------------------------------------------
java.lang.Object.wait() line:-2
sun.misc.GC$Daemon.run() line:100

Dispatcher-Thread-31
-------------------------------------------
java.lang.Object.wait() line:-2
java.lang.Object.wait() line:485
org.apache.log4j.Dispatcher.run() line:293

multicast announcement timer
-------------------------------------------
java.lang.Object.wait() line:-2
net.jini.discovery.LookupDiscovery$AnnouncementTimerThread.run() line:572

multicast discovery response listener
-------------------------------------------
java.net.PlainSocketImpl.socketAccept() line:-2
java.net.PlainSocketImpl.accept() line:384
java.net.ServerSocket.implAccept() line:453
java.net.ServerSocket.accept() line:421
net.jini.discovery.LookupDiscovery$ResponseListener.run() line:419

multicast discovery announcement listener
-------------------------------------------
java.net.PlainDatagramSocketImpl.receive0() line:-2
java.net.PlainDatagramSocketImpl.receive() line:136
java.net.DatagramSocket.receive() line:712
net.jini.discovery.LookupDiscovery$AnnouncementListener.run() line:310

Configuration change event notifier
-------------------------------------------
java.lang.Object.wait() line:-2
java.lang.Object.wait() line:485
EDU.oswego.cs.dl.util.concurrent.LinkedQueue.take() line:122
com.touchclarity.cms.common.EventsManager$Notifier.run() line:221

CampaignOptionCache Update Thread (5 mins)
-------------------------------------------
java.lang.Thread.sleep() line:-2
com.touchclarity.util.thread.Cyclist.run() line:31

RMI Reaper
-------------------------------------------
java.lang.Object.wait() line:-2
java.lang.ref.ReferenceQueue.remove() line:116
java.lang.ref.ReferenceQueue.remove() line:132
sun.rmi.transport.ObjectTable$Reaper.run() line:333
java.lang.Thread.run() line:619

multicast discovery announcement listener
-------------------------------------------
java.net.PlainDatagramSocketImpl.receive0() line:-2
java.net.PlainDatagramSocketImpl.receive() line:136
java.net.DatagramSocket.receive() line:712
net.jini.discovery.LookupDiscovery$AnnouncementListener.run() line:310

multicast announcement timer
-------------------------------------------
java.lang.Object.wait() line:-2
net.jini.discovery.LookupDiscovery$AnnouncementTimerThread.run() line:572

Configuration change event notifier
-------------------------------------------
java.lang.Object.wait() line:-2
java.lang.Object.wait() line:485
EDU.oswego.cs.dl.util.concurrent.LinkedQueue.take() line:122
com.touchclarity.cms.common.EventsManager$Notifier.run() line:221

multicast discovery request
-------------------------------------------
java.lang.Thread.sleep() line:-2
net.jini.discovery.LookupDiscovery$Requestor.run() line:520

Attach Listener
-------------------------------------------

CampaignOptionCache Update Thread (300 mins)
-------------------------------------------
java.lang.Thread.sleep() line:-2
com.touchclarity.util.thread.Cyclist.run() line:31

Thread-16
-------------------------------------------
java.lang.Object.wait() line:-2
com.sun.jini.thread.WakeupManager$Kicker.run() line:357
java.lang.Thread.run() line:619

MulticastChannelBus.Forwarder-1
-------------------------------------------
sun.misc.Unsafe.park() line:-2
java.util.concurrent.locks.LockSupport.park() line:158
java.util.concurrent.locks.AbstractQueuedSynchronizer$ConditionObject.await() line:1925
java.util.concurrent.LinkedBlockingQueue.take() line:358
com.touchclarity.configuration.cache.MulticastingChannelBus$Forwarder.run() line:331

Reference Handler
-------------------------------------------
java.lang.Object.wait() line:-2
java.lang.Object.wait() line:485
java.lang.ref.Reference$ReferenceHandler.run() line:116

Configuration change event notifier
-------------------------------------------
java.lang.Object.wait() line:-2
java.lang.Object.wait() line:485
EDU.oswego.cs.dl.util.concurrent.LinkedQueue.take() line:122
com.touchclarity.cms.common.EventsManager$Notifier.run() line:221

multicast discovery request
-------------------------------------------
java.lang.Thread.sleep() line:-2
net.jini.discovery.LookupDiscovery$Requestor.run() line:520

multicast discovery announcement listener
-------------------------------------------
java.net.PlainDatagramSocketImpl.receive0() line:-2
java.net.PlainDatagramSocketImpl.receive() line:136
java.net.DatagramSocket.receive() line:712
net.jini.discovery.LookupDiscovery$AnnouncementListener.run() line:310

Configuration change event notifier
-------------------------------------------
java.lang.Object.wait() line:-2
java.lang.Object.wait() line:485
EDU.oswego.cs.dl.util.concurrent.LinkedQueue.take() line:122
com.touchclarity.cms.common.EventsManager$Notifier.run() line:221

Configuration change event notifier
-------------------------------------------
java.lang.Object.wait() line:-2
java.lang.Object.wait() line:485
EDU.oswego.cs.dl.util.concurrent.LinkedQueue.take() line:122
com.touchclarity.cms.common.EventsManager$Notifier.run() line:221

Thread-15
-------------------------------------------
java.lang.Object.wait() line:-2
com.sun.jini.thread.WakeupManager$Kicker.run() line:357
java.lang.Thread.run() line:619

Thread-24
-------------------------------------------
java.lang.Object.wait() line:-2
com.sun.jini.thread.WakeupManager$Kicker.run() line:357
java.lang.Thread.run() line:619

Thread-19
-------------------------------------------
java.lang.Object.wait() line:-2
com.sun.jini.thread.WakeupManager$Kicker.run() line:357
java.lang.Thread.run() line:619

multicast announcement timer
-------------------------------------------
java.lang.Object.wait() line:-2
net.jini.discovery.LookupDiscovery$AnnouncementTimerThread.run() line:572

CampaignOptionCache Update Thread (5 mins)
-------------------------------------------
java.lang.Thread.sleep() line:-2
com.touchclarity.util.thread.Cyclist.run() line:31

Configuration change event notifier
-------------------------------------------
java.lang.Object.wait() line:-2
java.lang.Object.wait() line:485
EDU.oswego.cs.dl.util.concurrent.LinkedQueue.take() line:122
com.touchclarity.cms.common.EventsManager$Notifier.run() line:221

Configuration change event notifier
-------------------------------------------
java.lang.Object.wait() line:-2
java.lang.Object.wait() line:485
EDU.oswego.cs.dl.util.concurrent.LinkedQueue.take() line:122
com.touchclarity.cms.common.EventsManager$Notifier.run() line:221

Configuration change event notifier
-------------------------------------------
java.lang.Object.wait() line:-2
java.lang.Object.wait() line:485
EDU.oswego.cs.dl.util.concurrent.LinkedQueue.take() line:122
com.touchclarity.cms.common.EventsManager$Notifier.run() line:221

CampaignOptionCache Update Thread (5 mins)
-------------------------------------------
java.lang.Thread.sleep() line:-2
com.touchclarity.util.thread.Cyclist.run() line:31

multicast discovery response listener
-------------------------------------------
java.net.PlainSocketImpl.socketAccept() line:-2
java.net.PlainSocketImpl.accept() line:384
java.net.ServerSocket.implAccept() line:453
java.net.ServerSocket.accept() line:421
net.jini.discovery.LookupDiscovery$ResponseListener.run() line:419

CampaignOptionCache Update Thread (300 mins)
-------------------------------------------
java.lang.Thread.sleep() line:-2
com.touchclarity.util.thread.Cyclist.run() line:31

main
-------------------------------------------
java.lang.Thread.dumpThreads() line:-2
java.lang.Thread.getAllStackTraces() line:1477
com.touchclarity.datalogger.controller.Server2Test.printFinishedThreads() line:64
com.touchclarity.datalogger.controller.Server2Test.tearDown() line:60
junit.framework.TestCase.runBare() line:130
junit.framework.TestResult$1.protect() line:106
junit.framework.TestResult.runProtected() line:124
junit.framework.TestResult.run() line:109
junit.framework.TestCase.run() line:118
junit.framework.TestSuite.runTest() line:208
junit.framework.TestSuite.run() line:203
org.apache.tools.ant.taskdefs.optional.junit.JUnitTestRunner.run() line:297
org.apache.tools.ant.taskdefs.optional.junit.JUnitTestRunner.launch() line:672
org.apache.tools.ant.taskdefs.optional.junit.JUnitTestRunner.main() line:567

multicast discovery announcement listener
-------------------------------------------
java.net.PlainDatagramSocketImpl.receive0() line:-2
java.net.PlainDatagramSocketImpl.receive() line:136
java.net.DatagramSocket.receive() line:712
net.jini.discovery.LookupDiscovery$AnnouncementListener.run() line:310

Thread-32
-------------------------------------------
java.lang.Object.wait() line:-2
com.sun.jini.thread.WakeupManager$Kicker.run() line:357
java.lang.Thread.run() line:619

CampaignOptionCache Update Thread (5 mins)
-------------------------------------------
java.lang.Thread.sleep() line:-2
com.touchclarity.util.thread.Cyclist.run() line:31

CampaignOptionCache Update Thread (300 mins)
-------------------------------------------
java.lang.Thread.sleep() line:-2
com.touchclarity.util.thread.Cyclist.run() line:31

multicast discovery request
-------------------------------------------
java.lang.Thread.sleep() line:-2
net.jini.discovery.LookupDiscovery$Requestor.run() line:520

Dispatcher-Thread-23
-------------------------------------------
java.lang.Object.wait() line:-2
java.lang.Object.wait() line:485
org.apache.log4j.Dispatcher.run() line:293

Configuration change event notifier
-------------------------------------------
java.lang.Object.wait() line:-2
java.lang.Object.wait() line:485
EDU.oswego.cs.dl.util.concurrent.LinkedQueue.take() line:122
com.touchclarity.cms.common.EventsManager$Notifier.run() line:221

multicast discovery request
-------------------------------------------
java.lang.Thread.sleep() line:-2
net.jini.discovery.LookupDiscovery$Requestor.run() line:520

Signal Dispatcher
-------------------------------------------

Average connection time: 0
Shutting down data logger...
Shutdown complete
multicast discovery response listener
-------------------------------------------
java.net.PlainSocketImpl.socketAccept() line:-2
java.net.PlainSocketImpl.accept() line:384
java.net.ServerSocket.implAccept() line:453
java.net.ServerSocket.accept() line:421
net.jini.discovery.LookupDiscovery$ResponseListener.run() line:419

multicast discovery announcement listener
-------------------------------------------
java.net.PlainDatagramSocketImpl.receive0() line:-2
java.net.PlainDatagramSocketImpl.receive() line:136
java.net.DatagramSocket.receive() line:712
net.jini.discovery.LookupDiscovery$AnnouncementListener.run() line:310

Dispatcher-Thread-39
-------------------------------------------
java.lang.Object.wait() line:-2
java.lang.Object.wait() line:485
org.apache.log4j.Dispatcher.run() line:293

CampaignOptionCache Update Thread (5 mins)
-------------------------------------------
java.lang.Thread.sleep() line:-2
com.touchclarity.util.thread.Cyclist.run() line:31

Finalizer
-------------------------------------------
java.lang.Object.wait() line:-2
java.lang.ref.ReferenceQueue.remove() line:116
java.lang.ref.ReferenceQueue.remove() line:132
java.lang.ref.Finalizer$FinalizerThread.run() line:159

multicast announcement timer
-------------------------------------------
java.lang.Object.wait() line:-2
net.jini.discovery.LookupDiscovery$AnnouncementTimerThread.run() line:572

Thread-10
-------------------------------------------
java.lang.Object.wait() line:-2
com.sun.jini.thread.WakeupManager$Kicker.run() line:357
java.lang.Thread.run() line:619

multicast discovery response listener
-------------------------------------------
java.net.PlainSocketImpl.socketAccept() line:-2
java.net.PlainSocketImpl.accept() line:384
java.net.ServerSocket.implAccept() line:453
java.net.ServerSocket.accept() line:421
net.jini.discovery.LookupDiscovery$ResponseListener.run() line:419

CampaignOptionCache Update Thread (5 mins)
-------------------------------------------
java.lang.Thread.sleep() line:-2
com.touchclarity.util.thread.Cyclist.run() line:31

multicast discovery response listener
-------------------------------------------
java.net.PlainSocketImpl.socketAccept() line:-2
java.net.PlainSocketImpl.accept() line:384
java.net.ServerSocket.implAccept() line:453
java.net.ServerSocket.accept() line:421
net.jini.discovery.LookupDiscovery$ResponseListener.run() line:419

multicast announcement timer
-------------------------------------------
java.lang.Object.wait() line:-2
net.jini.discovery.LookupDiscovery$AnnouncementTimerThread.run() line:572

CampaignOptionCache Update Thread (5 mins)
-------------------------------------------
java.lang.Thread.sleep() line:-2
com.touchclarity.util.thread.Cyclist.run() line:31

Configuration change event notifier
-------------------------------------------
java.lang.Object.wait() line:-2
java.lang.Object.wait() line:485
EDU.oswego.cs.dl.util.concurrent.LinkedQueue.take() line:122
com.touchclarity.cms.common.EventsManager$Notifier.run() line:221

multicast discovery response listener
-------------------------------------------
java.net.PlainSocketImpl.socketAccept() line:-2
java.net.PlainSocketImpl.accept() line:384
java.net.ServerSocket.implAccept() line:453
java.net.ServerSocket.accept() line:421
net.jini.discovery.LookupDiscovery$ResponseListener.run() line:419

RMI TCP Accept-0
-------------------------------------------
java.net.PlainSocketImpl.socketAccept() line:-2
java.net.PlainSocketImpl.accept() line:384
java.net.ServerSocket.implAccept() line:453
java.net.ServerSocket.accept() line:421
sun.rmi.transport.tcp.TCPTransport$AcceptLoop.executeAcceptLoop() line:369
sun.rmi.transport.tcp.TCPTransport$AcceptLoop.run() line:341
java.lang.Thread.run() line:619

MulticastingChannel.Forwarder
-------------------------------------------
sun.misc.Unsafe.park() line:-2
java.util.concurrent.locks.LockSupport.parkNanos() line:198
java.util.concurrent.locks.AbstractQueuedSynchronizer$ConditionObject.awaitNanos() line:1963
java.util.concurrent.LinkedBlockingQueue.poll() line:395
com.touchclarity.channel.MulticastingChannel$Forwarder.run() line:156

multicast discovery request
-------------------------------------------
java.lang.Thread.sleep() line:-2
net.jini.discovery.LookupDiscovery$Requestor.run() line:520

multicast announcement timer
-------------------------------------------
java.lang.Object.wait() line:-2
net.jini.discovery.LookupDiscovery$AnnouncementTimerThread.run() line:572

GC Daemon
-------------------------------------------
java.lang.Object.wait() line:-2
sun.misc.GC$Daemon.run() line:100

Dispatcher-Thread-31
-------------------------------------------
java.lang.Object.wait() line:-2
java.lang.Object.wait() line:485
org.apache.log4j.Dispatcher.run() line:293

multicast announcement timer
-------------------------------------------
java.lang.Object.wait() line:-2
net.jini.discovery.LookupDiscovery$AnnouncementTimerThread.run() line:572

multicast discovery response listener
-------------------------------------------
java.net.PlainSocketImpl.socketAccept() line:-2
java.net.PlainSocketImpl.accept() line:384
java.net.ServerSocket.implAccept() line:453
java.net.ServerSocket.accept() line:421
net.jini.discovery.LookupDiscovery$ResponseListener.run() line:419

multicast discovery announcement listener
-------------------------------------------
java.net.PlainDatagramSocketImpl.receive0() line:-2
java.net.PlainDatagramSocketImpl.receive() line:136
java.net.DatagramSocket.receive() line:712
net.jini.discovery.LookupDiscovery$AnnouncementListener.run() line:310

Configuration change event notifier
-------------------------------------------
java.lang.Object.wait() line:-2
java.lang.Object.wait() line:485
EDU.oswego.cs.dl.util.concurrent.LinkedQueue.take() line:122
com.touchclarity.cms.common.EventsManager$Notifier.run() line:221

CampaignOptionCache Update Thread (5 mins)
-------------------------------------------
java.lang.Thread.sleep() line:-2
com.touchclarity.util.thread.Cyclist.run() line:31

multicast discovery request
-------------------------------------------
java.lang.Thread.sleep() line:-2
net.jini.discovery.LookupDiscovery$Requestor.run() line:520

RMI Reaper
-------------------------------------------
java.lang.Object.wait() line:-2
java.lang.ref.ReferenceQueue.remove() line:116
java.lang.ref.ReferenceQueue.remove() line:132
sun.rmi.transport.ObjectTable$Reaper.run() line:333
java.lang.Thread.run() line:619

multicast discovery announcement listener
-------------------------------------------
java.net.PlainDatagramSocketImpl.receive0() line:-2
java.net.PlainDatagramSocketImpl.receive() line:136
java.net.DatagramSocket.receive() line:712
net.jini.discovery.LookupDiscovery$AnnouncementListener.run() line:310

multicast announcement timer
-------------------------------------------
java.lang.Object.wait() line:-2
net.jini.discovery.LookupDiscovery$AnnouncementTimerThread.run() line:572

Configuration change event notifier
-------------------------------------------
java.lang.Object.wait() line:-2
java.lang.Object.wait() line:485
EDU.oswego.cs.dl.util.concurrent.LinkedQueue.take() line:122
com.touchclarity.cms.common.EventsManager$Notifier.run() line:221

multicast discovery request
-------------------------------------------
java.lang.Thread.sleep() line:-2
net.jini.discovery.LookupDiscovery$Requestor.run() line:520

CampaignOptionCache Update Thread (300 mins)
-------------------------------------------
java.lang.Thread.sleep() line:-2
com.touchclarity.util.thread.Cyclist.run() line:31

Attach Listener
-------------------------------------------

CampaignOptionCache Update Thread (300 mins)
-------------------------------------------
java.lang.Thread.sleep() line:-2
com.touchclarity.util.thread.Cyclist.run() line:31

Thread-16
-------------------------------------------
java.lang.Object.wait() line:-2
com.sun.jini.thread.WakeupManager$Kicker.run() line:357
java.lang.Thread.run() line:619

MulticastChannelBus.Forwarder-1
-------------------------------------------
sun.misc.Unsafe.park() line:-2
java.util.concurrent.locks.LockSupport.park() line:158
java.util.concurrent.locks.AbstractQueuedSynchronizer$ConditionObject.await() line:1925
java.util.concurrent.LinkedBlockingQueue.take() line:358
com.touchclarity.configuration.cache.MulticastingChannelBus$Forwarder.run() line:331

Reference Handler
-------------------------------------------
java.lang.Object.wait() line:-2
java.lang.Object.wait() line:485
java.lang.ref.Reference$ReferenceHandler.run() line:116

multicast discovery announcement listener
-------------------------------------------
java.net.PlainDatagramSocketImpl.receive0() line:-2
java.net.PlainDatagramSocketImpl.receive() line:136
java.net.DatagramSocket.receive() line:712
net.jini.discovery.LookupDiscovery$AnnouncementListener.run() line:310

Configuration change event notifier
-------------------------------------------
java.lang.Object.wait() line:-2
java.lang.Object.wait() line:485
EDU.oswego.cs.dl.util.concurrent.LinkedQueue.take() line:122
com.touchclarity.cms.common.EventsManager$Notifier.run() line:221

multicast discovery request
-------------------------------------------
java.lang.Thread.sleep() line:-2
net.jini.discovery.LookupDiscovery$Requestor.run() line:520

CampaignOptionCache Update Thread (5 mins)
-------------------------------------------
java.lang.Thread.sleep() line:-2
com.touchclarity.util.thread.Cyclist.run() line:31

Dispatcher-Thread-47
-------------------------------------------
java.lang.Object.wait() line:-2
java.lang.Object.wait() line:485
org.apache.log4j.Dispatcher.run() line:293

Configuration change event notifier
-------------------------------------------
java.lang.Object.wait() line:-2
java.lang.Object.wait() line:485
EDU.oswego.cs.dl.util.concurrent.LinkedQueue.take() line:122
com.touchclarity.cms.common.EventsManager$Notifier.run() line:221

multicast discovery announcement listener
-------------------------------------------
java.net.PlainDatagramSocketImpl.receive0() line:-2
java.net.PlainDatagramSocketImpl.receive() line:136
java.net.DatagramSocket.receive() line:712
net.jini.discovery.LookupDiscovery$AnnouncementListener.run() line:310

Configuration change event notifier
-------------------------------------------
java.lang.Object.wait() line:-2
java.lang.Object.wait() line:485
EDU.oswego.cs.dl.util.concurrent.LinkedQueue.take() line:122
com.touchclarity.cms.common.EventsManager$Notifier.run() line:221

Thread-15
-------------------------------------------
java.lang.Object.wait() line:-2
com.sun.jini.thread.WakeupManager$Kicker.run() line:357
java.lang.Thread.run() line:619

Thread-24
-------------------------------------------
java.lang.Object.wait() line:-2
com.sun.jini.thread.WakeupManager$Kicker.run() line:357
java.lang.Thread.run() line:619

Thread-19
-------------------------------------------
java.lang.Object.wait() line:-2
com.sun.jini.thread.WakeupManager$Kicker.run() line:357
java.lang.Thread.run() line:619

multicast announcement timer
-------------------------------------------
java.lang.Object.wait() line:-2
net.jini.discovery.LookupDiscovery$AnnouncementTimerThread.run() line:572

Configuration change event notifier
-------------------------------------------
java.lang.Object.wait() line:-2
java.lang.Object.wait() line:485
EDU.oswego.cs.dl.util.concurrent.LinkedQueue.take() line:122
com.touchclarity.cms.common.EventsManager$Notifier.run() line:221

CampaignOptionCache Update Thread (5 mins)
-------------------------------------------
java.lang.Thread.sleep() line:-2
com.touchclarity.util.thread.Cyclist.run() line:31

Configuration change event notifier
-------------------------------------------
java.lang.Object.wait() line:-2
java.lang.Object.wait() line:485
EDU.oswego.cs.dl.util.concurrent.LinkedQueue.take() line:122
com.touchclarity.cms.common.EventsManager$Notifier.run() line:221

Configuration change event notifier
-------------------------------------------
java.lang.Object.wait() line:-2
java.lang.Object.wait() line:485
EDU.oswego.cs.dl.util.concurrent.LinkedQueue.take() line:122
com.touchclarity.cms.common.EventsManager$Notifier.run() line:221

CampaignOptionCache Update Thread (5 mins)
-------------------------------------------
java.lang.Thread.sleep() line:-2
com.touchclarity.util.thread.Cyclist.run() line:31

CampaignOptionCache Update Thread (300 mins)
-------------------------------------------
java.lang.Thread.sleep() line:-2
com.touchclarity.util.thread.Cyclist.run() line:31

multicast discovery response listener
-------------------------------------------
java.net.PlainSocketImpl.socketAccept() line:-2
java.net.PlainSocketImpl.accept() line:384
java.net.ServerSocket.implAccept() line:453
java.net.ServerSocket.accept() line:421
net.jini.discovery.LookupDiscovery$ResponseListener.run() line:419

main
-------------------------------------------
java.lang.Thread.dumpThreads() line:-2
java.lang.Thread.getAllStackTraces() line:1477
com.touchclarity.datalogger.controller.Server2Test.printFinishedThreads() line:64
com.touchclarity.datalogger.controller.Server2Test.tearDown() line:60
junit.framework.TestCase.runBare() line:130
junit.framework.TestResult$1.protect() line:106
junit.framework.TestResult.runProtected() line:124
junit.framework.TestResult.run() line:109
junit.framework.TestCase.run() line:118
junit.framework.TestSuite.runTest() line:208
junit.framework.TestSuite.run() line:203
org.apache.tools.ant.taskdefs.optional.junit.JUnitTestRunner.run() line:297
org.apache.tools.ant.taskdefs.optional.junit.JUnitTestRunner.launch() line:672
org.apache.tools.ant.taskdefs.optional.junit.JUnitTestRunner.main() line:567

multicast discovery announcement listener
-------------------------------------------
java.net.PlainDatagramSocketImpl.receive0() line:-2
java.net.PlainDatagramSocketImpl.receive() line:136
java.net.DatagramSocket.receive() line:712
net.jini.discovery.LookupDiscovery$AnnouncementListener.run() line:310

Thread-32
-------------------------------------------
java.lang.Object.wait() line:-2
com.sun.jini.thread.WakeupManager$Kicker.run() line:357
java.lang.Thread.run() line:619

CampaignOptionCache Update Thread (5 mins)
-------------------------------------------
java.lang.Thread.sleep() line:-2
com.touchclarity.util.thread.Cyclist.run() line:31

CampaignOptionCache Update Thread (300 mins)
-------------------------------------------
java.lang.Thread.sleep() line:-2
com.touchclarity.util.thread.Cyclist.run() line:31

Thread-40
-------------------------------------------
java.lang.Object.wait() line:-2
com.sun.jini.thread.WakeupManager$Kicker.run() line:357
java.lang.Thread.run() line:619

multicast discovery request
-------------------------------------------
java.lang.Thread.sleep() line:-2
net.jini.discovery.LookupDiscovery$Requestor.run() line:520

Dispatcher-Thread-23
-------------------------------------------
java.lang.Object.wait() line:-2
java.lang.Object.wait() line:485
org.apache.log4j.Dispatcher.run() line:293

Configuration change event notifier
-------------------------------------------
java.lang.Object.wait() line:-2
java.lang.Object.wait() line:485
EDU.oswego.cs.dl.util.concurrent.LinkedQueue.take() line:122
com.touchclarity.cms.common.EventsManager$Notifier.run() line:221

multicast discovery request
-------------------------------------------
java.lang.Thread.sleep() line:-2
net.jini.discovery.LookupDiscovery$Requestor.run() line:520

Signal Dispatcher
-------------------------------------------

Average connection time: 0
Shutting down data logger...
Shutdown complete
multicast discovery response listener
-------------------------------------------
java.net.PlainSocketImpl.socketAccept() line:-2
java.net.PlainSocketImpl.accept() line:384
java.net.ServerSocket.implAccept() line:453
java.net.ServerSocket.accept() line:421
net.jini.discovery.LookupDiscovery$ResponseListener.run() line:419

multicast discovery announcement listener
-------------------------------------------
java.net.PlainDatagramSocketImpl.receive0() line:-2
java.net.PlainDatagramSocketImpl.receive() line:136
java.net.DatagramSocket.receive() line:712
net.jini.discovery.LookupDiscovery$AnnouncementListener.run() line:310

Dispatcher-Thread-39
-------------------------------------------
java.lang.Object.wait() line:-2
java.lang.Object.wait() line:485
org.apache.log4j.Dispatcher.run() line:293

CampaignOptionCache Update Thread (5 mins)
-------------------------------------------
java.lang.Thread.sleep() line:-2
com.touchclarity.util.thread.Cyclist.run() line:31

CampaignOptionCache Update Thread (5 mins)
-------------------------------------------
java.lang.Thread.sleep() line:-2
com.touchclarity.util.thread.Cyclist.run() line:31

Finalizer
-------------------------------------------
java.lang.Object.wait() line:-2
java.lang.ref.ReferenceQueue.remove() line:116
java.lang.ref.ReferenceQueue.remove() line:132
java.lang.ref.Finalizer$FinalizerThread.run() line:159

Thread-48
-------------------------------------------
java.lang.Object.wait() line:-2
com.sun.jini.thread.WakeupManager$Kicker.run() line:357
java.lang.Thread.run() line:619

multicast announcement timer
-------------------------------------------
java.lang.Object.wait() line:-2
net.jini.discovery.LookupDiscovery$AnnouncementTimerThread.run() line:572

CampaignOptionCache Update Thread (300 mins)
-------------------------------------------
java.lang.Thread.sleep() line:-2
com.touchclarity.util.thread.Cyclist.run() line:31

Thread-10
-------------------------------------------
java.lang.Object.wait() line:-2
com.sun.jini.thread.WakeupManager$Kicker.run() line:357
java.lang.Thread.run() line:619

multicast discovery response listener
-------------------------------------------
java.net.PlainSocketImpl.socketAccept() line:-2
java.net.PlainSocketImpl.accept() line:384
java.net.ServerSocket.implAccept() line:453
java.net.ServerSocket.accept() line:421
net.jini.discovery.LookupDiscovery$ResponseListener.run() line:419

CampaignOptionCache Update Thread (5 mins)
-------------------------------------------
java.lang.Thread.sleep() line:-2
com.touchclarity.util.thread.Cyclist.run() line:31

multicast discovery response listener
-------------------------------------------
java.net.PlainSocketImpl.socketAccept() line:-2
java.net.PlainSocketImpl.accept() line:384
java.net.ServerSocket.implAccept() line:453
java.net.ServerSocket.accept() line:421
net.jini.discovery.LookupDiscovery$ResponseListener.run() line:419

multicast announcement timer
-------------------------------------------
java.lang.Object.wait() line:-2
net.jini.discovery.LookupDiscovery$AnnouncementTimerThread.run() line:572

CampaignOptionCache Update Thread (5 mins)
-------------------------------------------
java.lang.Thread.sleep() line:-2
com.touchclarity.util.thread.Cyclist.run() line:31

Configuration change event notifier
-------------------------------------------
java.lang.Object.wait() line:-2
java.lang.Object.wait() line:485
EDU.oswego.cs.dl.util.concurrent.LinkedQueue.take() line:122
com.touchclarity.cms.common.EventsManager$Notifier.run() line:221

multicast discovery response listener
-------------------------------------------
java.net.PlainSocketImpl.socketAccept() line:-2
java.net.PlainSocketImpl.accept() line:384
java.net.ServerSocket.implAccept() line:453
java.net.ServerSocket.accept() line:421
net.jini.discovery.LookupDiscovery$ResponseListener.run() line:419

RMI TCP Accept-0
-------------------------------------------
java.net.PlainSocketImpl.socketAccept() line:-2
java.net.PlainSocketImpl.accept() line:384
java.net.ServerSocket.implAccept() line:453
java.net.ServerSocket.accept() line:421
sun.rmi.transport.tcp.TCPTransport$AcceptLoop.executeAcceptLoop() line:369
sun.rmi.transport.tcp.TCPTransport$AcceptLoop.run() line:341
java.lang.Thread.run() line:619

MulticastingChannel.Forwarder
-------------------------------------------
sun.misc.Unsafe.park() line:-2
java.util.concurrent.locks.LockSupport.parkNanos() line:198
java.util.concurrent.locks.AbstractQueuedSynchronizer$ConditionObject.awaitNanos() line:1963
java.util.concurrent.LinkedBlockingQueue.poll() line:395
com.touchclarity.channel.MulticastingChannel$Forwarder.run() line:156

multicast discovery request
-------------------------------------------
java.lang.Thread.sleep() line:-2
net.jini.discovery.LookupDiscovery$Requestor.run() line:520

multicast announcement timer
-------------------------------------------
java.lang.Object.wait() line:-2
net.jini.discovery.LookupDiscovery$AnnouncementTimerThread.run() line:572

GC Daemon
-------------------------------------------
java.lang.Object.wait() line:-2
sun.misc.GC$Daemon.run() line:100

Dispatcher-Thread-31
-------------------------------------------
java.lang.Object.wait() line:-2
java.lang.Object.wait() line:485
org.apache.log4j.Dispatcher.run() line:293

multicast announcement timer
-------------------------------------------
java.lang.Object.wait() line:-2
net.jini.discovery.LookupDiscovery$AnnouncementTimerThread.run() line:572

multicast discovery response listener
-------------------------------------------
java.net.PlainSocketImpl.socketAccept() line:-2
java.net.PlainSocketImpl.accept() line:384
java.net.ServerSocket.implAccept() line:453
java.net.ServerSocket.accept() line:421
net.jini.discovery.LookupDiscovery$ResponseListener.run() line:419

multicast discovery announcement listener
-------------------------------------------
java.net.PlainDatagramSocketImpl.receive0() line:-2
java.net.PlainDatagramSocketImpl.receive() line:136
java.net.DatagramSocket.receive() line:712
net.jini.discovery.LookupDiscovery$AnnouncementListener.run() line:310

Configuration change event notifier
-------------------------------------------
java.lang.Object.wait() line:-2
java.lang.Object.wait() line:485
EDU.oswego.cs.dl.util.concurrent.LinkedQueue.take() line:122
com.touchclarity.cms.common.EventsManager$Notifier.run() line:221

CampaignOptionCache Update Thread (5 mins)
-------------------------------------------
java.lang.Thread.sleep() line:-2
com.touchclarity.util.thread.Cyclist.run() line:31

multicast discovery request
-------------------------------------------
java.lang.Thread.sleep() line:-2
net.jini.discovery.LookupDiscovery$Requestor.run() line:520

RMI Reaper
-------------------------------------------
java.lang.Object.wait() line:-2
java.lang.ref.ReferenceQueue.remove() line:116
java.lang.ref.ReferenceQueue.remove() line:132
sun.rmi.transport.ObjectTable$Reaper.run() line:333
java.lang.Thread.run() line:619

multicast discovery request
-------------------------------------------
java.lang.Thread.sleep() line:-2
net.jini.discovery.LookupDiscovery$Requestor.run() line:520

multicast discovery announcement listener
-------------------------------------------
java.net.PlainDatagramSocketImpl.receive0() line:-2
java.net.PlainDatagramSocketImpl.receive() line:136
java.net.DatagramSocket.receive() line:712
net.jini.discovery.LookupDiscovery$AnnouncementListener.run() line:310

multicast announcement timer
-------------------------------------------
java.lang.Object.wait() line:-2
net.jini.discovery.LookupDiscovery$AnnouncementTimerThread.run() line:572

Configuration change event notifier
-------------------------------------------
java.lang.Object.wait() line:-2
java.lang.Object.wait() line:485
EDU.oswego.cs.dl.util.concurrent.LinkedQueue.take() line:122
com.touchclarity.cms.common.EventsManager$Notifier.run() line:221

multicast discovery request
-------------------------------------------
java.lang.Thread.sleep() line:-2
net.jini.discovery.LookupDiscovery$Requestor.run() line:520

CampaignOptionCache Update Thread (300 mins)
-------------------------------------------
java.lang.Thread.sleep() line:-2
com.touchclarity.util.thread.Cyclist.run() line:31

Attach Listener
-------------------------------------------

CampaignOptionCache Update Thread (300 mins)
-------------------------------------------
java.lang.Thread.sleep() line:-2
com.touchclarity.util.thread.Cyclist.run() line:31

Thread-16
-------------------------------------------
java.lang.Object.wait() line:-2
com.sun.jini.thread.WakeupManager$Kicker.run() line:357
java.lang.Thread.run() line:619

MulticastChannelBus.Forwarder-1
-------------------------------------------
sun.misc.Unsafe.park() line:-2
java.util.concurrent.locks.LockSupport.park() line:158
java.util.concurrent.locks.AbstractQueuedSynchronizer$ConditionObject.await() line:1925
java.util.concurrent.LinkedBlockingQueue.take() line:358
com.touchclarity.configuration.cache.MulticastingChannelBus$Forwarder.run() line:331

Reference Handler
-------------------------------------------
java.lang.Object.wait() line:-2
java.lang.Object.wait() line:485
java.lang.ref.Reference$ReferenceHandler.run() line:116

multicast discovery announcement listener
-------------------------------------------
java.net.PlainDatagramSocketImpl.receive0() line:-2
java.net.PlainDatagramSocketImpl.receive() line:136
java.net.DatagramSocket.receive() line:712
net.jini.discovery.LookupDiscovery$AnnouncementListener.run() line:310

Configuration change event notifier
-------------------------------------------
java.lang.Object.wait() line:-2
java.lang.Object.wait() line:485
EDU.oswego.cs.dl.util.concurrent.LinkedQueue.take() line:122
com.touchclarity.cms.common.EventsManager$Notifier.run() line:221

multicast discovery request
-------------------------------------------
java.lang.Thread.sleep() line:-2
net.jini.discovery.LookupDiscovery$Requestor.run() line:520

CampaignOptionCache Update Thread (5 mins)
-------------------------------------------
java.lang.Thread.sleep() line:-2
com.touchclarity.util.thread.Cyclist.run() line:31

Dispatcher-Thread-47
-------------------------------------------
java.lang.Object.wait() line:-2
java.lang.Object.wait() line:485
org.apache.log4j.Dispatcher.run() line:293

Dispatcher-Thread-55
-------------------------------------------
java.lang.Object.wait() line:-2
java.lang.Object.wait() line:485
org.apache.log4j.Dispatcher.run() line:293

Configuration change event notifier
-------------------------------------------
java.lang.Object.wait() line:-2
java.lang.Object.wait() line:485
EDU.oswego.cs.dl.util.concurrent.LinkedQueue.take() line:122
com.touchclarity.cms.common.EventsManager$Notifier.run() line:221

multicast discovery announcement listener
-------------------------------------------
java.net.PlainDatagramSocketImpl.receive0() line:-2
java.net.PlainDatagramSocketImpl.receive() line:136
java.net.DatagramSocket.receive() line:712
net.jini.discovery.LookupDiscovery$AnnouncementListener.run() line:310

Configuration change event notifier
-------------------------------------------
java.lang.Object.wait() line:-2
java.lang.Object.wait() line:485
EDU.oswego.cs.dl.util.concurrent.LinkedQueue.take() line:122
com.touchclarity.cms.common.EventsManager$Notifier.run() line:221

Thread-15
-------------------------------------------
java.lang.Object.wait() line:-2
com.sun.jini.thread.WakeupManager$Kicker.run() line:357
java.lang.Thread.run() line:619

Thread-24
-------------------------------------------
java.lang.Object.wait() line:-2
com.sun.jini.thread.WakeupManager$Kicker.run() line:357
java.lang.Thread.run() line:619

Thread-19
-------------------------------------------
java.lang.Object.wait() line:-2
com.sun.jini.thread.WakeupManager$Kicker.run() line:357
java.lang.Thread.run() line:619

multicast discovery announcement listener
-------------------------------------------
java.net.PlainDatagramSocketImpl.receive0() line:-2
java.net.PlainDatagramSocketImpl.receive() line:136
java.net.DatagramSocket.receive() line:712
net.jini.discovery.LookupDiscovery$AnnouncementListener.run() line:310

multicast announcement timer
-------------------------------------------
java.lang.Object.wait() line:-2
net.jini.discovery.LookupDiscovery$AnnouncementTimerThread.run() line:572

Configuration change event notifier
-------------------------------------------
java.lang.Object.wait() line:-2
java.lang.Object.wait() line:485
EDU.oswego.cs.dl.util.concurrent.LinkedQueue.take() line:122
com.touchclarity.cms.common.EventsManager$Notifier.run() line:221

CampaignOptionCache Update Thread (5 mins)
-------------------------------------------
java.lang.Thread.sleep() line:-2
com.touchclarity.util.thread.Cyclist.run() line:31

CampaignOptionCache Update Thread (5 mins)
-------------------------------------------
java.lang.Thread.sleep() line:-2
com.touchclarity.util.thread.Cyclist.run() line:31

Configuration change event notifier
-------------------------------------------
java.lang.Object.wait() line:-2
java.lang.Object.wait() line:485
EDU.oswego.cs.dl.util.concurrent.LinkedQueue.take() line:122
com.touchclarity.cms.common.EventsManager$Notifier.run() line:221

multicast announcement timer
-------------------------------------------
java.lang.Object.wait() line:-2
net.jini.discovery.LookupDiscovery$AnnouncementTimerThread.run() line:572

Configuration change event notifier
-------------------------------------------
java.lang.Object.wait() line:-2
java.lang.Object.wait() line:485
EDU.oswego.cs.dl.util.concurrent.LinkedQueue.take() line:122
com.touchclarity.cms.common.EventsManager$Notifier.run() line:221

CampaignOptionCache Update Thread (5 mins)
-------------------------------------------
java.lang.Thread.sleep() line:-2
com.touchclarity.util.thread.Cyclist.run() line:31

CampaignOptionCache Update Thread (300 mins)
-------------------------------------------
java.lang.Thread.sleep() line:-2
com.touchclarity.util.thread.Cyclist.run() line:31

multicast discovery response listener
-------------------------------------------
java.net.PlainSocketImpl.socketAccept() line:-2
java.net.PlainSocketImpl.accept() line:384
java.net.ServerSocket.implAccept() line:453
java.net.ServerSocket.accept() line:421
net.jini.discovery.LookupDiscovery$ResponseListener.run() line:419

main
-------------------------------------------
java.lang.Thread.dumpThreads() line:-2
java.lang.Thread.getAllStackTraces() line:1477
com.touchclarity.datalogger.controller.Server2Test.printFinishedThreads() line:64
com.touchclarity.datalogger.controller.Server2Test.tearDown() line:60
junit.framework.TestCase.runBare() line:130
junit.framework.TestResult$1.protect() line:106
junit.framework.TestResult.runProtected() line:124
junit.framework.TestResult.run() line:109
junit.framework.TestCase.run() line:118
junit.framework.TestSuite.runTest() line:208
junit.framework.TestSuite.run() line:203
org.apache.tools.ant.taskdefs.optional.junit.JUnitTestRunner.run() line:297
org.apache.tools.ant.taskdefs.optional.junit.JUnitTestRunner.launch() line:672
org.apache.tools.ant.taskdefs.optional.junit.JUnitTestRunner.main() line:567

multicast discovery announcement listener
-------------------------------------------
java.net.PlainDatagramSocketImpl.receive0() line:-2
java.net.PlainDatagramSocketImpl.receive() line:136
java.net.DatagramSocket.receive() line:712
net.jini.discovery.LookupDiscovery$AnnouncementListener.run() line:310

Thread-32
-------------------------------------------
java.lang.Object.wait() line:-2
com.sun.jini.thread.WakeupManager$Kicker.run() line:357
java.lang.Thread.run() line:619

CampaignOptionCache Update Thread (5 mins)
-------------------------------------------
java.lang.Thread.sleep() line:-2
com.touchclarity.util.thread.Cyclist.run() line:31

multicast discovery response listener
-------------------------------------------
java.net.PlainSocketImpl.socketAccept() line:-2
java.net.PlainSocketImpl.accept() line:384
java.net.ServerSocket.implAccept() line:453
java.net.ServerSocket.accept() line:421
net.jini.discovery.LookupDiscovery$ResponseListener.run() line:419

CampaignOptionCache Update Thread (300 mins)
-------------------------------------------
java.lang.Thread.sleep() line:-2
com.touchclarity.util.thread.Cyclist.run() line:31

Thread-40
-------------------------------------------
java.lang.Object.wait() line:-2
com.sun.jini.thread.WakeupManager$Kicker.run() line:357
java.lang.Thread.run() line:619

multicast discovery request
-------------------------------------------
java.lang.Thread.sleep() line:-2
net.jini.discovery.LookupDiscovery$Requestor.run() line:520

Dispatcher-Thread-23
-------------------------------------------
java.lang.Object.wait() line:-2
java.lang.Object.wait() line:485
org.apache.log4j.Dispatcher.run() line:293

Configuration change event notifier
-------------------------------------------
java.lang.Object.wait() line:-2
java.lang.Object.wait() line:485
EDU.oswego.cs.dl.util.concurrent.LinkedQueue.take() line:122
com.touchclarity.cms.common.EventsManager$Notifier.run() line:221

multicast discovery request
-------------------------------------------
java.lang.Thread.sleep() line:-2
net.jini.discovery.LookupDiscovery$Requestor.run() line:520

Signal Dispatcher
-------------------------------------------

Average connection time: 0
Shutting down data logger...
Shutdown complete
multicast discovery response listener
-------------------------------------------
java.net.PlainSocketImpl.socketAccept() line:-2
java.net.PlainSocketImpl.accept() line:384
java.net.ServerSocket.implAccept() line:453
java.net.ServerSocket.accept() line:421
net.jini.discovery.LookupDiscovery$ResponseListener.run() line:419

multicast discovery announcement listener
-------------------------------------------
java.net.PlainDatagramSocketImpl.receive0() line:-2
java.net.PlainDatagramSocketImpl.receive() line:136
java.net.DatagramSocket.receive() line:712
net.jini.discovery.LookupDiscovery$AnnouncementListener.run() line:310

Dispatcher-Thread-39
-------------------------------------------
java.lang.Object.wait() line:-2
java.lang.Object.wait() line:485
org.apache.log4j.Dispatcher.run() line:293

CampaignOptionCache Update Thread (5 mins)
-------------------------------------------
java.lang.Thread.sleep() line:-2
com.touchclarity.util.thread.Cyclist.run() line:31

CampaignOptionCache Update Thread (5 mins)
-------------------------------------------
java.lang.Thread.sleep() line:-2
com.touchclarity.util.thread.Cyclist.run() line:31

Finalizer
-------------------------------------------
java.lang.Object.wait() line:-2
java.lang.ref.ReferenceQueue.remove() line:116
java.lang.ref.ReferenceQueue.remove() line:132
java.lang.ref.Finalizer$FinalizerThread.run() line:159

Thread-48
-------------------------------------------
java.lang.Object.wait() line:-2
com.sun.jini.thread.WakeupManager$Kicker.run() line:357
java.lang.Thread.run() line:619

multicast announcement timer
-------------------------------------------
java.lang.Object.wait() line:-2
net.jini.discovery.LookupDiscovery$AnnouncementTimerThread.run() line:572

multicast discovery response listener
-------------------------------------------
java.net.PlainSocketImpl.socketAccept() line:-2
java.net.PlainSocketImpl.accept() line:384
java.net.ServerSocket.implAccept() line:453
java.net.ServerSocket.accept() line:421
net.jini.discovery.LookupDiscovery$ResponseListener.run() line:419

CampaignOptionCache Update Thread (300 mins)
-------------------------------------------
java.lang.Thread.sleep() line:-2
com.touchclarity.util.thread.Cyclist.run() line:31

Thread-10
-------------------------------------------
java.lang.Object.wait() line:-2
com.sun.jini.thread.WakeupManager$Kicker.run() line:357
java.lang.Thread.run() line:619

multicast discovery response listener
-------------------------------------------
java.net.PlainSocketImpl.socketAccept() line:-2
java.net.PlainSocketImpl.accept() line:384
java.net.ServerSocket.implAccept() line:453
java.net.ServerSocket.accept() line:421
net.jini.discovery.LookupDiscovery$ResponseListener.run() line:419

CampaignOptionCache Update Thread (5 mins)
-------------------------------------------
java.lang.Thread.sleep() line:-2
com.touchclarity.util.thread.Cyclist.run() line:31

multicast discovery response listener
-------------------------------------------
java.net.PlainSocketImpl.socketAccept() line:-2
java.net.PlainSocketImpl.accept() line:384
java.net.ServerSocket.implAccept() line:453
java.net.ServerSocket.accept() line:421
net.jini.discovery.LookupDiscovery$ResponseListener.run() line:419

multicast announcement timer
-------------------------------------------
java.lang.Object.wait() line:-2
net.jini.discovery.LookupDiscovery$AnnouncementTimerThread.run() line:572

CampaignOptionCache Update Thread (5 mins)
-------------------------------------------
java.lang.Thread.sleep() line:-2
com.touchclarity.util.thread.Cyclist.run() line:31

Configuration change event notifier
-------------------------------------------
java.lang.Object.wait() line:-2
java.lang.Object.wait() line:485
EDU.oswego.cs.dl.util.concurrent.LinkedQueue.take() line:122
com.touchclarity.cms.common.EventsManager$Notifier.run() line:221

multicast discovery response listener
-------------------------------------------
java.net.PlainSocketImpl.socketAccept() line:-2
java.net.PlainSocketImpl.accept() line:384
java.net.ServerSocket.implAccept() line:453
java.net.ServerSocket.accept() line:421
net.jini.discovery.LookupDiscovery$ResponseListener.run() line:419

RMI TCP Accept-0
-------------------------------------------
java.net.PlainSocketImpl.socketAccept() line:-2
java.net.PlainSocketImpl.accept() line:384
java.net.ServerSocket.implAccept() line:453
java.net.ServerSocket.accept() line:421
sun.rmi.transport.tcp.TCPTransport$AcceptLoop.executeAcceptLoop() line:369
sun.rmi.transport.tcp.TCPTransport$AcceptLoop.run() line:341
java.lang.Thread.run() line:619

MulticastingChannel.Forwarder
-------------------------------------------
sun.misc.Unsafe.park() line:-2
java.util.concurrent.locks.LockSupport.parkNanos() line:198
java.util.concurrent.locks.AbstractQueuedSynchronizer$ConditionObject.awaitNanos() line:1963
java.util.concurrent.LinkedBlockingQueue.poll() line:395
com.touchclarity.channel.MulticastingChannel$Forwarder.run() line:156

multicast discovery request
-------------------------------------------
java.lang.Thread.sleep() line:-2
net.jini.discovery.LookupDiscovery$Requestor.run() line:520

multicast announcement timer
-------------------------------------------
java.lang.Object.wait() line:-2
net.jini.discovery.LookupDiscovery$AnnouncementTimerThread.run() line:572

GC Daemon
-------------------------------------------
java.lang.Object.wait() line:-2
sun.misc.GC$Daemon.run() line:100

Dispatcher-Thread-31
-------------------------------------------
java.lang.Object.wait() line:-2
java.lang.Object.wait() line:485
org.apache.log4j.Dispatcher.run() line:293

multicast announcement timer
-------------------------------------------
java.lang.Object.wait() line:-2
net.jini.discovery.LookupDiscovery$AnnouncementTimerThread.run() line:572

multicast discovery response listener
-------------------------------------------
java.net.PlainSocketImpl.socketAccept() line:-2
java.net.PlainSocketImpl.accept() line:384
java.net.ServerSocket.implAccept() line:453
java.net.ServerSocket.accept() line:421
net.jini.discovery.LookupDiscovery$ResponseListener.run() line:419

multicast discovery announcement listener
-------------------------------------------
java.net.PlainDatagramSocketImpl.receive0() line:-2
java.net.PlainDatagramSocketImpl.receive() line:136
java.net.DatagramSocket.receive() line:712
net.jini.discovery.LookupDiscovery$AnnouncementListener.run() line:310

Configuration change event notifier
-------------------------------------------
java.lang.Object.wait() line:-2
java.lang.Object.wait() line:485
EDU.oswego.cs.dl.util.concurrent.LinkedQueue.take() line:122
com.touchclarity.cms.common.EventsManager$Notifier.run() line:221

multicast discovery request
-------------------------------------------
java.lang.Thread.sleep() line:-2
net.jini.discovery.LookupDiscovery$Requestor.run() line:520

CampaignOptionCache Update Thread (5 mins)
-------------------------------------------
java.lang.Thread.sleep() line:-2
com.touchclarity.util.thread.Cyclist.run() line:31

multicast discovery request
-------------------------------------------
java.lang.Thread.sleep() line:-2
net.jini.discovery.LookupDiscovery$Requestor.run() line:520

RMI Reaper
-------------------------------------------
java.lang.Object.wait() line:-2
java.lang.ref.ReferenceQueue.remove() line:116
java.lang.ref.ReferenceQueue.remove() line:132
sun.rmi.transport.ObjectTable$Reaper.run() line:333
java.lang.Thread.run() line:619

multicast discovery request
-------------------------------------------
java.lang.Thread.sleep() line:-2
net.jini.discovery.LookupDiscovery$Requestor.run() line:520

multicast discovery announcement listener
-------------------------------------------
java.net.PlainDatagramSocketImpl.receive0() line:-2
java.net.PlainDatagramSocketImpl.receive() line:136
java.net.DatagramSocket.receive() line:712
net.jini.discovery.LookupDiscovery$AnnouncementListener.run() line:310

multicast announcement timer
-------------------------------------------
java.lang.Object.wait() line:-2
net.jini.discovery.LookupDiscovery$AnnouncementTimerThread.run() line:572

Configuration change event notifier
-------------------------------------------
java.lang.Object.wait() line:-2
java.lang.Object.wait() line:485
EDU.oswego.cs.dl.util.concurrent.LinkedQueue.take() line:122
com.touchclarity.cms.common.EventsManager$Notifier.run() line:221

multicast announcement timer
-------------------------------------------
java.lang.Object.wait() line:-2
[...]
	at java.util.concurrent.ThreadPoolExecutor$Worker.run(ThreadPoolExecutor.java:907)
	at java.lang.Thread.run(Thread.java:619)
Exception in thread "Failsafe-105" java.lang.NullPointerException
	at com.touchclarity.datalogger.processor.RequestProcessor.getClientAddress(RequestProcessor.java:313)
	at com.touchclarity.datalogger.processor.RequestProcessor.isMonitoring(RequestProcessor.java:332)
	at com.touchclarity.datalogger.processor.AbstractRequestDispatcher.dispatchRequest(AbstractRequestDispatcher.java:334)
	at com.touchclarity.datalogger.processor.NBProcessor.run(NBProcessor.java:121)
	at java.util.concurrent.ThreadPoolExecutor$Worker.runTask(ThreadPoolExecutor.java:885)
	at java.util.concurrent.ThreadPoolExecutor$Worker.run(ThreadPoolExecutor.java:907)
	at java.lang.Thread.run(Thread.java:619)
Exception in thread "LogRequest-96" java.lang.NullPointerException
	at com.touchclarity.datalogger.processor.RequestProcessor.getClientAddress(RequestProcessor.java:313)
	at com.touchclarity.datalogger.processor.RequestProcessor.isMonitoring(RequestProcessor.java:332)
	at com.touchclarity.datalogger.processor.AbstractRequestDispatcher.dispatchRequest(AbstractRequestDispatcher.java:334)
	at com.touchclarity.datalogger.processor.NBProcessor.run(NBProcessor.java:121)
	at java.util.concurrent.ThreadPoolExecutor$Worker.runTask(ThreadPoolExecutor.java:885)
	at java.util.concurrent.ThreadPoolExecutor$Worker.run(ThreadPoolExecutor.java:907)
	at java.lang.Thread.run(Thread.java:619)
Exception in thread "Failsafe-104" java.lang.NullPointerException
	at com.touchclarity.datalogger.processor.RequestProcessor.getClientAddress(RequestProcessor.java:313)
	at com.touchclarity.datalogger.processor.RequestProcessor.isMonitoring(RequestProcessor.java:332)
	at com.touchclarity.datalogger.processor.AbstractRequestDispatcher.dispatchRequest(AbstractRequestDispatcher.java:334)
	at com.touchclarity.datalogger.processor.NBProcessor.run(NBProcessor.java:121)
	at java.util.concurrent.ThreadPoolExecutor$Worker.runTask(ThreadPoolExecutor.java:885)
	at java.util.concurrent.ThreadPoolExecutor$Worker.run(ThreadPoolExecutor.java:907)
	at java.lang.Thread.run(Thread.java:619)
Exception in thread "LogRequest-111" java.lang.NullPointerException
	at com.touchclarity.datalogger.processor.RequestProcessor.getClientAddress(RequestProcessor.java:313)
	at com.touchclarity.datalogger.processor.RequestProcessor.isMonitoring(RequestProcessor.java:332)
	at com.touchclarity.datalogger.processor.AbstractRequestDispatcher.dispatchRequest(AbstractRequestDispatcher.java:334)
	at com.touchclarity.datalogger.processor.NBProcessor.run(NBProcessor.java:121)
	at java.util.concurrent.ThreadPoolExecutor$Worker.runTask(ThreadPoolExecutor.java:885)
	at java.util.concurrent.ThreadPoolExecutor$Worker.run(ThreadPoolExecutor.java:907)
	at java.lang.Thread.run(Thread.java:619)
Exception in thread "LogRequest-117" java.lang.NullPointerException
	at com.touchclarity.datalogger.processor.RequestProcessor.getClientAddress(RequestProcessor.java:313)
	at com.touchclarity.datalogger.processor.RequestProcessor.isMonitoring(RequestProcessor.java:332)
	at com.touchclarity.datalogger.processor.AbstractRequestDispatcher.dispatchRequest(AbstractRequestDispatcher.java:334)
	at com.touchclarity.datalogger.processor.NBProcessor.run(NBProcessor.java:121)
	at java.util.concurrent.ThreadPoolExecutor$Worker.runTask(ThreadPoolExecutor.java:885)
	at java.util.concurrent.ThreadPoolExecutor$Worker.run(ThreadPoolExecutor.java:907)
	at java.lang.Thread.run(Thread.java:619)
Exception in thread "LogRequest-109" java.lang.NullPointerException
	at com.touchclarity.datalogger.processor.RequestProcessor.getClientAddress(RequestProcessor.java:313)
	at com.touchclarity.datalogger.processor.RequestProcessor.isMonitoring(RequestProcessor.java:332)
	at com.touchclarity.datalogger.processor.AbstractRequestDispatcher.dispatchRequest(AbstractRequestDispatcher.java:334)
	at com.touchclarity.datalogger.processor.NBProcessor.run(NBProcessor.java:121)
	at java.util.concurrent.ThreadPoolExecutor$Worker.runTask(ThreadPoolExecutor.java:885)
	at java.util.concurrent.ThreadPoolExecutor$Worker.run(ThreadPoolExecutor.java:907)
	at java.lang.Thread.run(Thread.java:619)
Exception in thread "Failsafe-107" java.lang.NullPointerException
	at com.touchclarity.datalogger.processor.RequestProcessor.getClientAddress(RequestProcessor.java:313)
	at com.touchclarity.datalogger.processor.RequestProcessor.isMonitoring(RequestProcessor.java:332)
	at com.touchclarity.datalogger.processor.AbstractRequestDispatcher.dispatchRequest(AbstractRequestDispatcher.java:334)
	at com.touchclarity.datalogger.processor.NBProcessor.run(NBProcessor.java:121)
	at java.util.concurrent.ThreadPoolExecutor$Worker.runTask(ThreadPoolExecutor.java:885)
	at java.util.concurrent.ThreadPoolExecutor$Worker.run(ThreadPoolExecutor.java:907)
	at java.lang.Thread.run(Thread.java:619)
Exception in thread "LogRequest-120" java.lang.NullPointerException
	at com.touchclarity.datalogger.processor.RequestProcessor.getClientAddress(RequestProcessor.java:313)
	at com.touchclarity.datalogger.processor.RequestProcessor.isMonitoring(RequestProcessor.java:332)
	at com.touchclarity.datalogger.processor.AbstractRequestDispatcher.dispatchRequest(AbstractRequestDispatcher.java:334)
	at com.touchclarity.datalogger.processor.NBProcessor.run(NBProcessor.java:121)
	at java.util.concurrent.ThreadPoolExecutor$Worker.runTask(ThreadPoolExecutor.java:885)
	at java.util.concurrent.ThreadPoolExecutor$Worker.run(ThreadPoolExecutor.java:907)
	at java.lang.Thread.run(Thread.java:619)
Exception in thread "LogRequest-121" java.lang.NullPointerException
	at com.touchclarity.datalogger.processor.RequestProcessor.getClientAddress(RequestProcessor.java:313)
	at com.touchclarity.datalogger.processor.RequestProcessor.isMonitoring(RequestProcessor.java:332)
	at com.touchclarity.datalogger.processor.AbstractRequestDispatcher.dispatchRequest(AbstractRequestDispatcher.java:334)
	at com.touchclarity.datalogger.processor.NBProcessor.run(NBProcessor.java:121)
	at java.util.concurrent.ThreadPoolExecutor$Worker.runTask(ThreadPoolExecutor.java:885)
	at java.util.concurrent.ThreadPoolExecutor$Worker.run(ThreadPoolExecutor.java:907)
	at java.lang.Thread.run(Thread.java:619)
Exception in thread "LogRequest-114" java.lang.NullPointerException
	at com.touchclarity.datalogger.processor.RequestProcessor.getClientAddress(RequestProcessor.java:313)
	at com.touchclarity.datalogger.processor.RequestProcessor.isMonitoring(RequestProcessor.java:332)
	at com.touchclarity.datalogger.processor.AbstractRequestDispatcher.dispatchRequest(AbstractRequestDispatcher.java:334)
	at com.touchclarity.datalogger.processor.NBProcessor.run(NBProcessor.java:121)
	at java.util.concurrent.ThreadPoolExecutor$Worker.runTask(ThreadPoolExecutor.java:885)
	at java.util.concurrent.ThreadPoolExecutor$Worker.run(ThreadPoolExecutor.java:907)
	at java.lang.Thread.run(Thread.java:619)
Exception in thread "LogRequest-118" java.lang.NullPointerException
	at com.touchclarity.datalogger.processor.RequestProcessor.getClientAddress(RequestProcessor.java:313)
	at com.touchclarity.datalogger.processor.RequestProcessor.isMonitoring(RequestProcessor.java:332)
	at com.touchclarity.datalogger.processor.AbstractRequestDispatcher.dispatchRequest(AbstractRequestDispatcher.java:334)
	at com.touchclarity.datalogger.processor.NBProcessor.run(NBProcessor.java:121)
	at java.util.concurrent.ThreadPoolExecutor$Worker.runTask(ThreadPoolExecutor.java:885)
	at java.util.concurrent.ThreadPoolExecutor$Worker.run(ThreadPoolExecutor.java:907)
	at java.lang.Thread.run(Thread.java:619)
Exception in thread "LogRequest-110" java.lang.NullPointerException
	at com.touchclarity.datalogger.processor.RequestProcessor.getClientAddress(RequestProcessor.java:313)
	at com.touchclarity.datalogger.processor.RequestProcessor.isMonitoring(RequestProcessor.java:332)
	at com.touchclarity.datalogger.processor.AbstractRequestDispatcher.dispatchRequest(AbstractRequestDispatcher.java:334)
	at com.touchclarity.datalogger.processor.NBProcessor.run(NBProcessor.java:121)
	at java.util.concurrent.ThreadPoolExecutor$Worker.runTask(ThreadPoolExecutor.java:885)
	at java.util.concurrent.ThreadPoolExecutor$Worker.run(ThreadPoolExecutor.java:907)
	at java.lang.Thread.run(Thread.java:619)
Exception in thread "LogRequest-119" java.lang.NullPointerException
	at com.touchclarity.datalogger.processor.RequestProcessor.getClientAddress(RequestProcessor.java:313)
	at com.touchclarity.datalogger.processor.RequestProcessor.isMonitoring(RequestProcessor.java:332)
	at com.touchclarity.datalogger.processor.AbstractRequestDispatcher.dispatchRequest(AbstractRequestDispatcher.java:334)
	at com.touchclarity.datalogger.processor.NBProcessor.run(NBProcessor.java:121)
	at java.util.concurrent.ThreadPoolExecutor$Worker.runTask(ThreadPoolExecutor.java:885)
	at java.util.concurrent.ThreadPoolExecutor$Worker.run(ThreadPoolExecutor.java:907)
	at java.lang.Thread.run(Thread.java:619)
Exception in thread "LogRequest-132" java.lang.NullPointerException
	at com.touchclarity.datalogger.processor.RequestProcessor.getClientAddress(RequestProcessor.java:313)
	at com.touchclarity.datalogger.processor.RequestProcessor.isMonitoring(RequestProcessor.java:332)
	at com.touchclarity.datalogger.processor.AbstractRequestDispatcher.dispatchRequest(AbstractRequestDispatcher.java:334)
	at com.touchclarity.datalogger.processor.NBProcessor.run(NBProcessor.java:121)
	at java.util.concurrent.ThreadPoolExecutor$Worker.runTask(ThreadPoolExecutor.java:885)
	at java.util.concurrent.ThreadPoolExecutor$Worker.run(ThreadPoolExecutor.java:907)
	at java.lang.Thread.run(Thread.java:619)
Exception in thread "Failsafe-131" java.lang.NullPointerException
	at com.touchclarity.datalogger.processor.RequestProcessor.getClientAddress(RequestProcessor.java:313)
	at com.touchclarity.datalogger.processor.RequestProcessor.isMonitoring(RequestProcessor.java:332)
	at com.touchclarity.datalogger.processor.AbstractRequestDispatcher.dispatchRequest(AbstractRequestDispatcher.java:334)
	at com.touchclarity.datalogger.processor.NBProcessor.run(NBProcessor.java:121)
	at java.util.concurrent.ThreadPoolExecutor$Worker.runTask(ThreadPoolExecutor.java:885)
	at java.util.concurrent.ThreadPoolExecutor$Worker.run(ThreadPoolExecutor.java:907)
	at java.lang.Thread.run(Thread.java:619)
Exception in thread "Failsafe-123" java.lang.NullPointerException
	at com.touchclarity.datalogger.processor.RequestProcessor.getClientAddress(RequestProcessor.java:313)
	at com.touchclarity.datalogger.processor.RequestProcessor.isMonitoring(RequestProcessor.java:332)
	at com.touchclarity.datalogger.processor.AbstractRequestDispatcher.dispatchRequest(AbstractRequestDispatcher.java:334)
	at com.touchclarity.datalogger.processor.NBProcessor.run(NBProcessor.java:121)
	at java.util.concurrent.ThreadPoolExecutor$Worker.runTask(ThreadPoolExecutor.java:885)
	at java.util.concurrent.ThreadPoolExecutor$Worker.run(ThreadPoolExecutor.java:907)
	at java.lang.Thread.run(Thread.java:619)
Exception in thread "LogRequest-125" java.lang.NullPointerException
	at com.touchclarity.datalogger.processor.RequestProcessor.getClientAddress(RequestProcessor.java:313)
	at com.touchclarity.datalogger.processor.RequestProcessor.isMonitoring(RequestProcessor.java:332)
	at com.touchclarity.datalogger.processor.AbstractRequestDispatcher.dispatchRequest(AbstractRequestDispatcher.java:334)
	at com.touchclarity.datalogger.processor.NBProcessor.run(NBProcessor.java:121)
	at java.util.concurrent.ThreadPoolExecutor$Worker.runTask(ThreadPoolExecutor.java:885)
	at java.util.concurrent.ThreadPoolExecutor$Worker.run(ThreadPoolExecutor.java:907)
	at java.lang.Thread.run(Thread.java:619)
Exception in thread "LogRequest-124" java.lang.NullPointerException
	at com.touchclarity.datalogger.processor.RequestProcessor.getClientAddress(RequestProcessor.java:313)
	at com.touchclarity.datalogger.processor.RequestProcessor.isMonitoring(RequestProcessor.java:332)
	at com.touchclarity.datalogger.processor.AbstractRequestDispatcher.dispatchRequest(AbstractRequestDispatcher.java:334)
	at com.touchclarity.datalogger.processor.NBProcessor.run(NBProcessor.java:121)
	at java.util.concurrent.ThreadPoolExecutor$Worker.runTask(ThreadPoolExecutor.java:885)
	at java.util.concurrent.ThreadPoolExecutor$Worker.run(ThreadPoolExecutor.java:907)
	at java.lang.Thread.run(Thread.java:619)
Exception in thread "Failsafe-129" java.lang.NullPointerException
	at com.touchclarity.datalogger.processor.RequestProcessor.getClientAddress(RequestProcessor.java:313)
	at com.touchclarity.datalogger.processor.RequestProcessor.isMonitoring(RequestProcessor.java:332)
	at com.touchclarity.datalogger.processor.AbstractRequestDispatcher.dispatchRequest(AbstractRequestDispatcher.java:334)
	at com.touchclarity.datalogger.processor.NBProcessor.run(NBProcessor.java:121)
	at java.util.concurrent.ThreadPoolExecutor$Worker.runTask(ThreadPoolExecutor.java:885)
	at java.util.concurrent.ThreadPoolExecutor$Worker.run(ThreadPoolExecutor.java:907)
	at java.lang.Thread.run(Thread.java:619)
Exception in thread "Failsafe-128" java.lang.NullPointerException
	at com.touchclarity.datalogger.processor.RequestProcessor.getClientAddress(RequestProcessor.java:313)
	at com.touchclarity.datalogger.processor.RequestProcessor.isMonitoring(RequestProcessor.java:332)
	at com.touchclarity.datalogger.processor.AbstractRequestDispatcher.dispatchRequest(AbstractRequestDispatcher.java:334)
	at com.touchclarity.datalogger.processor.NBProcessor.run(NBProcessor.java:121)
	at java.util.concurrent.ThreadPoolExecutor$Worker.runTask(ThreadPoolExecutor.java:885)
	at java.util.concurrent.ThreadPoolExecutor$Worker.run(ThreadPoolExecutor.java:907)
	at java.lang.Thread.run(Thread.java:619)
Exception in thread "LogRequest-127" java.lang.NullPointerException
	at com.touchclarity.datalogger.processor.RequestProcessor.getClientAddress(RequestProcessor.java:313)
	at com.touchclarity.datalogger.processor.RequestProcessor.isMonitoring(RequestProcessor.java:332)
	at com.touchclarity.datalogger.processor.AbstractRequestDispatcher.dispatchRequest(AbstractRequestDispatcher.java:334)
	at com.touchclarity.datalogger.processor.NBProcessor.run(NBProcessor.java:121)
	at java.util.concurrent.ThreadPoolExecutor$Worker.runTask(ThreadPoolExecutor.java:885)
	at java.util.concurrent.ThreadPoolExecutor$Worker.run(ThreadPoolExecutor.java:907)
	at java.lang.Thread.run(Thread.java:619)
Exception in thread "LogRequest-143" java.lang.NullPointerException
	at com.touchclarity.datalogger.processor.RequestProcessor.getClientAddress(RequestProcessor.java:313)
	at com.touchclarity.datalogger.processor.RequestProcessor.isMonitoring(RequestProcessor.java:332)
	at com.touchclarity.datalogger.processor.AbstractRequestDispatcher.dispatchRequest(AbstractRequestDispatcher.java:334)
	at com.touchclarity.datalogger.processor.NBProcessor.run(NBProcessor.java:121)
	at java.util.concurrent.ThreadPoolExecutor$Worker.runTask(ThreadPoolExecutor.java:885)
	at java.util.concurrent.ThreadPoolExecutor$Worker.run(ThreadPoolExecutor.java:907)
	at java.lang.Thread.run(Thread.java:619)
Exception in thread "LogRequest-134" java.lang.NullPointerException
	at com.touchclarity.datalogger.processor.RequestProcessor.getClientAddress(RequestProcessor.java:313)
	at com.touchclarity.datalogger.processor.RequestProcessor.isMonitoring(RequestProcessor.java:332)
	at com.touchclarity.datalogger.processor.AbstractRequestDispatcher.dispatchRequest(AbstractRequestDispatcher.java:334)
	at com.touchclarity.datalogger.processor.NBProcessor.run(NBProcessor.java:121)
	at java.util.concurrent.ThreadPoolExecutor$Worker.runTask(ThreadPoolExecutor.java:885)
	at java.util.concurrent.ThreadPoolExecutor$Worker.run(ThreadPoolExecutor.java:907)
	at java.lang.Thread.run(Thread.java:619)
Exception in thread "Failsafe-142" java.lang.NullPointerException
	at com.touchclarity.datalogger.processor.RequestProcessor.getClientAddress(RequestProcessor.java:313)
	at com.touchclarity.datalogger.processor.RequestProcessor.isMonitoring(RequestProcessor.java:332)
	at com.touchclarity.datalogger.processor.AbstractRequestDispatcher.dispatchRequest(AbstractRequestDispatcher.java:334)
	at com.touchclarity.datalogger.processor.NBProcessor.run(NBProcessor.java:121)
	at java.util.concurrent.ThreadPoolExecutor$Worker.runTask(ThreadPoolExecutor.java:885)
	at java.util.concurrent.ThreadPoolExecutor$Worker.run(ThreadPoolExecutor.java:907)
	at java.lang.Thread.run(Thread.java:619)
Exception in thread "Failsafe-138" java.lang.NullPointerException
	at com.touchclarity.datalogger.processor.RequestProcessor.getClientAddress(RequestProcessor.java:313)
	at com.touchclarity.datalogger.processor.RequestProcessor.isMonitoring(RequestProcessor.java:332)
	at com.touchclarity.datalogger.processor.AbstractRequestDispatcher.dispatchRequest(AbstractRequestDispatcher.java:334)
	at com.touchclarity.datalogger.processor.NBProcessor.run(NBProcessor.java:121)
	at java.util.concurrent.ThreadPoolExecutor$Worker.runTask(ThreadPoolExecutor.java:885)
	at java.util.concurrent.ThreadPoolExecutor$Worker.run(ThreadPoolExecutor.java:907)
	at java.lang.Thread.run(Thread.java:619)
Exception in thread "Failsafe-140" java.lang.NullPointerException
	at com.touchclarity.datalogger.processor.RequestProcessor.getClientAddress(RequestProcessor.java:313)
	at com.touchclarity.datalogger.processor.RequestProcessor.isMonitoring(RequestProcessor.java:332)
	at com.touchclarity.datalogger.processor.AbstractRequestDispatcher.dispatchRequest(AbstractRequestDispatcher.java:334)
	at com.touchclarity.datalogger.processor.NBProcessor.run(NBProcessor.java:121)
	at java.util.concurrent.ThreadPoolExecutor$Worker.runTask(ThreadPoolExecutor.java:885)
	at java.util.concurrent.ThreadPoolExecutor$Worker.run(ThreadPoolExecutor.java:907)
	at java.lang.Thread.run(Thread.java:619)
Exception in thread "LogRequest-145" Exception in thread "Failsafe-139" java.lang.NullPointerException
	at com.touchclarity.datalogger.processor.RequestProcessor.getClientAddress(RequestProcessor.java:313)
	at com.touchclarity.datalogger.processor.RequestProcessor.isMonitoring(RequestProcessor.java:332)
	at com.touchclarity.datalogger.processor.AbstractRequestDispatcher.dispatchRequest(AbstractRequestDispatcher.java:334)
	at com.touchclarity.datalogger.processor.NBProcessor.run(NBProcessor.java:121)
	at java.util.concurrent.ThreadPoolExecutor$Worker.runTask(ThreadPoolExecutor.java:885)
	at java.util.concurrent.ThreadPoolExecutor$Worker.run(ThreadPoolExecutor.java:907)
	at java.lang.Thread.run(Thread.java:619)
java.lang.NullPointerException
	at com.touchclarity.datalogger.processor.RequestProcessor.getClientAddress(RequestProcessor.java:313)
	at com.touchclarity.datalogger.processor.RequestProcessor.isMonitoring(RequestProcessor.java:332)
	at com.touchclarity.datalogger.processor.AbstractRequestDispatcher.dispatchRequest(AbstractRequestDispatcher.java:334)
	at com.touchclarity.datalogger.processor.NBProcessor.run(NBProcessor.java:121)
	at java.util.concurrent.ThreadPoolExecutor$Worker.runTask(ThreadPoolExecutor.java:885)
	at java.util.concurrent.ThreadPoolExecutor$Worker.run(ThreadPoolExecutor.java:907)
	at java.lang.Thread.run(Thread.java:619)
Exception in thread "LogRequest-92" java.lang.NullPointerException
	at com.touchclarity.datalogger.processor.RequestProcessor.getClientAddress(RequestProcessor.java:313)
	at com.touchclarity.datalogger.processor.RequestProcessor.isMonitoring(RequestProcessor.java:332)
	at com.touchclarity.datalogger.processor.AbstractRequestDispatcher.dispatchRequest(AbstractRequestDispatcher.java:334)
	at com.touchclarity.datalogger.processor.NBProcessor.run(NBProcessor.java:121)
	at java.util.concurrent.ThreadPoolExecutor$Worker.runTask(ThreadPoolExecutor.java:885)
	at java.util.concurrent.ThreadPoolExecutor$Worker.run(ThreadPoolExecutor.java:907)
	at java.lang.Thread.run(Thread.java:619)
]]></system-err>
</testsuite>
