<?xml version="1.0" encoding="UTF-8" ?>
<testsuite errors="0" failures="0" name="com.touchclarity.datalogger.processor.internet.ReasonForServeRequestProcessorTest" tests="3" time="9.639">
  <properties>
[...]
</properties>
  <testcase classname="com.touchclarity.datalogger.processor.internet.ReasonForServeRequestProcessorTest" name="testWithRFSSessionIDParam" time="9.124"></testcase>
  <testcase classname="com.touchclarity.datalogger.processor.internet.ReasonForServeRequestProcessorTest" name="testNoRFSSessionIDParam" time="0.031"></testcase>
  <testcase classname="com.touchclarity.datalogger.processor.internet.ReasonForServeRequestProcessorTest" name="testMimeType" time="0.109"></testcase>
  <system-out><![CDATA[METADATA_SERVER=DEV2
METADATA_DATABASE=dev1_Metadata
METADATA_DB_USER=test
METADATA_DB_PASSWORD=builder
]]></system-out>
  <system-err><![CDATA[ERROR - [DL] No privacy policy found for site 1
ERROR - [DL] No privacy policy found for site 1
ERROR - [DL] No privacy policy found for site 1
]]></system-err>
</testsuite>
