<?xml version="1.0" encoding="UTF-8" ?>
<testsuite errors="1" failures="0" name="com.touchclarity.datalogger.NBRequestProcessorTest" tests="1" time="0.0">
  <properties>
[...]
</properties>
  <testcase classname="org.apache.tools.ant.taskdefs.optional.junit.JUnitTask$1" name="unknown" time="0.0">
    <error message="Timeout occurred" type="junit.framework.AssertionFailedError">junit.framework.AssertionFailedError: Timeout occurred
	at net.sf.antcontrib.logic.ForEach.executeSequential(ForEach.java:178)
	at net.sf.antcontrib.logic.ForEach.execute(ForEach.java:254)
</error>
  </testcase>
</testsuite>
